desc: Files compared:   cachegrind.out.27358; cachegrind.out.25374
cmd:  ./a.out; ./a.out
events:  Ir I1mr ILmr Dr D1mr DLmr Dw D1mw DLmw
fl=???
fn=cvHin
0 0 -1 1 0 -1 -1 0 0 0
fl=???
fn=H5Oopen
0 0 0 0 0 1 0 0 0 0
fl=???
fn=H5E_set_auto
0 0 0 0 0 0 0 0 0 0
fl=/build/eglibc-ripdx6/eglibc-2.19/io/../sysdeps/unix/syscall-template.S
fn=write
0 0 0 0 0 0 0 0 0 0
fl=???
fn=H5G__ent_encode_vec
0 0 0 0 0 0 0 0 0 0
fl=???
fn=H5MF_sect_simple_free
0 0 0 0 0 0 0 0 0 0
fl=/build/eglibc-ripdx6/eglibc-2.19/elf/dl-debug.c
fn=_dl_debug_initialize
0 0 0 0 0 0 0 0 0 0
fl=/build/eglibc-ripdx6/eglibc-2.19/io/../sysdeps/unix/syscall-template.S
fn=open
0 0 0 0 0 0 0 0 0 0
fl=???
fn=H5O_msg_append_oh
0 0 0 0 0 0 0 0 0 0
fl=???
fn=H5O_msg_flush
0 0 0 0 0 0 0 0 0 0
fl=???
fn=H5T__conv_int_schar
0 0 0 0 0 0 0 0 0 0
fl=???
fn=H5G__init
0 0 0 0 0 0 0 0 0 0
fl=???
fn=H5T__conv_ushort_int
0 0 0 0 0 0 0 0 0 0
fl=???
fn=H5T__bit_set
0 0 0 0 0 0 0 0 0 0
fl=???
fn=cvDecreaseBDF
0 0 0 0 0 0 0 0 0 0
fl=???
fn=H5HL_dblk_new
0 0 0 0 0 0 0 0 0 0
fl=???
fn=H5LTmake_dataset_double
0 0 0 0 0 0 0 0 0 0
fl=/build/eglibc-ripdx6/eglibc-2.19/libio/genops.c
fn=_IO_default_xsputn
0 0 0 0 0 0 0 0 0 0
fl=???
fn=cvSetEta
0 0 6552 1 0 2 1 0 0 0
fl=/build/eglibc-ripdx6/eglibc-2.19/elf/dl-load.c
fn=is_dst
0 0 0 0 0 0 0 0 0 0
fl=/build/eglibc-ripdx6/eglibc-2.19/math/../sysdeps/x86_64/fpu/multiarch/s_floor.S
fn=floor
0 0 0 0 0 0 0 0 0 0
fl=/build/eglibc-ripdx6/eglibc-2.19/elf/dl-misc.c
fn=_dl_name_match_p
0 0 1 0 0 0 0 0 0 0
fl=???
fn=N_VDotProd_Serial
0 0 0 0 0 0 0 0 0 0
fl=???
fn=N_VConst
0 0 0 0 0 0 0 0 0 0
fl=/build/eglibc-ripdx6/eglibc-2.19/math/../sysdeps/ieee754/dbl-64/w_exp.c
fn=exp
0 0 -4571 0 0 0 0 0 0 0
fl=/build/eglibc-ripdx6/eglibc-2.19/debug/vsprintf_chk.c
fn=__vsprintf_chk
0 0 0 0 0 0 0 0 0 0
fl=???
fn=H5T__conv_uchar_float
0 0 0 0 0 0 0 0 0 0
fl=???
fn=H5AC_init
0 0 0 0 0 0 0 0 0 0
fl=/build/eglibc-ripdx6/eglibc-2.19/stdio-common/../nptl/sysdeps/pthread/allocalim.h
fn=__printf_fp
0 0 0 0 0 0 0 0 0 0
fl=???
fn=H5T__conv_ullong_llong
0 0 0 0 0 0 0 0 0 0
fl=???
fn=H5FD_sec2_term
0 0 0 0 0 0 0 0 0 0
fl=???
fn=H5T_get_size
0 0 0 0 0 0 0 0 0 0
fl=/build/eglibc-ripdx6/eglibc-2.19/math/../sysdeps/x86_64/fpu/multiarch/e_asin.c
fn=__acos_finite
0 0 0 0 0 0 0 0 0 0
fl=???
fn=H5G_traverse
0 0 0 0 0 0 0 0 0 0
fl=???
fn=H5T__conv_ushort_uchar
0 0 0 0 0 0 0 0 0 0
fl=???
fn=H5F_sieve_buf_size
0 0 0 0 0 0 0 0 0 0
fl=???
fn=H5AC_mark_entry_dirty
0 0 0 0 0 0 0 0 0 0
fl=???
fn=H5Dopen2
0 0 0 0 0 -4 -9 0 0 0
fl=/build/eglibc-ripdx6/eglibc-2.19/elf/dl-lookup.c
fn=_dl_setup_hash
0 0 0 0 0 0 0 0 0 0
fl=???
fn=H5FS_sect_add
0 0 0 0 0 0 0 0 0 0
fl=/opt/conda/conda-bld/compilers_linux-64_1520532893746/work/.build/src/gcc-7.2.0/libstdc++-v3/libsupc++/guard.cc
fn=__cxa_guard_release
0 0 0 0 0 0 0 0 0 0
fl=???
fn=H5A_create
0 0 0 0 0 0 0 0 0 0
fl=???
fn=H5O_msg_read_oh
0 0 20 0 0 0 0 0 0 0
fl=???
fn=H5SL_item
0 0 0 0 0 0 0 0 0 0
fl=/build/eglibc-ripdx6/eglibc-2.19/io/../sysdeps/unix/syscall-template.S
fn=close
0 0 0 0 0 0 0 0 0 0
fl=???
fn=SUNMatZero
0 0 845 -1 0 0 0 0 0 0
fl=/build/eglibc-ripdx6/eglibc-2.19/debug/snprintf_chk.c
fn=__snprintf_chk
0 0 0 0 0 0 0 0 0 0
fl=/build/eglibc-ripdx6/eglibc-2.19/nptl/forward.c
fn=pthread_mutex_lock
0 0 0 0 0 9 0 0 0 0
fl=???
fn=H5D_init
0 0 0 0 0 0 0 0 0 0
fl=???
fn=H5Aiterate2
0 0 0 0 0 0 0 0 0 0
fl=/build/eglibc-ripdx6/eglibc-2.19/malloc/arena.c
fn=realloc_hook_ini
0 0 0 0 0 0 0 0 0 0
fl=/build/eglibc-ripdx6/eglibc-2.19/nptl/pthread_key_create.c
fn=pthread_key_create
0 0 0 0 0 0 0 0 0 0
fl=/build/eglibc-ripdx6/eglibc-2.19/csu/../sysdeps/unix/sysv/linux/x86_64/init-first.c
fn=_init
0 0 0 0 0 0 0 0 0 0
fl=???
fn=H5F_get_eoa
0 0 0 0 0 0 0 0 0 0
fl=???
fn=H5F_block_write
0 0 0 0 0 0 0 0 0 0
fl=/build/eglibc-ripdx6/eglibc-2.19/elf/../elf/dl-sysdep.c
fn=_dl_sysdep_start_cleanup
0 0 0 0 0 0 0 0 0 0
fl=???
fn=H5O_dec_rc_by_loc
0 0 0 0 0 0 0 0 0 0
fl=???
fn=H5F_get_sohm_addr
0 0 0 0 0 0 0 0 0 0
fl=???
fn=cvSet
0 0 -3874 0 0 0 0 0 0 0
fl=???
fn=H5S_get_simple_extent_npoints
0 0 0 0 0 0 0 0 0 0
fl=/build/eglibc-ripdx6/eglibc-2.19/nptl/cleanup_defer_compat.c
fn=_pthread_cleanup_push_defer
0 0 0 0 0 0 0 0 0 0
fl=???
fn=H5FL_arr_malloc
0 0 0 0 0 -1 0 0 0 0
fl=???
fn=H5T__conv_llong_ullong
0 0 0 0 0 0 0 0 0 0
fl=???
fn=H5C_validate_resize_config
0 0 0 0 0 0 0 0 0 0
fl=???
fn=H5Screate_simple
0 0 0 0 0 0 0 0 0 0
fl=/build/eglibc-ripdx6/eglibc-2.19/elf/dl-hwcaps.c
fn=_dl_important_hwcaps
0 0 0 0 0 0 0 0 0 0
fl=/build/eglibc-ripdx6/eglibc-2.19/math/../sysdeps/x86_64/fpu/s_fmin.S
fn=fmin
0 0 0 0 0 0 0 0 0 0
fl=???
fn=H5F_is_mount
0 0 0 0 0 0 0 0 0 0
fl=???
fn=H5G__loc_copy
0 0 0 0 0 0 0 0 -2 0
fl=???
fn=H5Sget_simple_extent_dims
0 0 0 0 0 0 0 0 0 0
fl=/build/eglibc-ripdx6/eglibc-2.19/string/../sysdeps/x86_64/multiarch/../memcpy.S
fn=__GI_memcpy
0 0 0 0 0 0 0 0 0 0
fl=/opt/conda/conda-bld/compilers_linux-64_1520532893746/work/.build/x86_64-conda_cos6-linux-gnu/build/build-cc-gcc-final/x86_64-conda_cos6-linux-gnu/libstdc++-v3/include/bits/locale_facets.h
fn=_GLOBAL__sub_I_locale_inst.cc
0 0 0 0 0 0 0 0 0 0
fl=???
fn=N_VNewEmpty_Serial
0 0 0 0 0 0 0 0 0 0
fl=???
fn=H5L_link_object
0 0 0 0 0 0 0 0 0 0
fl=/build/eglibc-ripdx6/eglibc-2.19/math/../sysdeps/x86_64/fpu/multiarch/e_exp.c
fn=__exp_finite
0 0 0 0 0 0 0 0 0 0
fl=/build/eglibc-ripdx6/eglibc-2.19/elf/../elf/dl-runtime.c
fn=_dl_fixup
0 0 0 0 0 -1 0 0 0 0
fl=/build/eglibc-ripdx6/eglibc-2.19/elf/dl-tls.c
fn=_dl_add_to_slotinfo
0 0 0 0 0 0 0 0 0 0
fl=???
fn=H5F_sfile_search
0 0 0 0 0 0 0 0 0 0
fl=/build/eglibc-ripdx6/eglibc-2.19/elf/dl-load.c
fn=_dl_init_paths
0 0 0 0 0 0 0 0 0 0
fl=???
fn=H5S_select_all
0 0 0 0 0 0 0 0 0 0
fl=/opt/conda/conda-bld/compilers_linux-64_1520532893746/work/.build/src/gcc-7.2.0/libstdc++-v3/src/c++11/locale-inst.cc
fn=_GLOBAL__sub_I_cxx11_locale_inst.cc
0 0 0 0 0 0 0 0 0 0
fl=???
fn=SUNLinSolGetType
0 0 1 1 0 0 0 0 0 0
fl=/build/eglibc-ripdx6/eglibc-2.19/elf/dl-error.c
fn=_dl_catch_error
0 0 0 0 0 0 0 0 0 0
fl=???
fn=N_VMin_Serial
0 0 317 -1 0 0 0 0 0 0
fl=???
fn=SUNMatDestroy_Dense
0 0 0 0 0 0 0 0 0 0
fl=???
fn=H5SM_try_share
0 0 0 0 0 0 0 0 0 0
fl=???
fn=H5P_close
0 0 0 0 0 0 0 0 0 0
fl=???
fn=H5FD_get_eof
0 0 0 0 0 0 0 0 0 0
fl=/build/eglibc-ripdx6/eglibc-2.19/malloc/malloc.c
fn=malloc
0 0 0 0 0 4 0 0 0 0
fl=???
fn=H5F_block_read
0 0 0 0 0 0 0 0 0 0
fl=/build/eglibc-ripdx6/eglibc-2.19/malloc/hooks.c
fn=malloc_hook_ini
0 0 0 0 0 0 0 0 0 0
fl=/home/kwoksun2/dengo/dengo-project-dengo-ed14369817a2/dengo_data_structure/Untitled Folder/serial_performance_grid/eqH2/final/new/new__solver.C
fn=calculate_jacobian_new_(double, _generic_N_Vector*, _generic_N_Vector*, _generic_SUNMatrix*, void*, _generic_N_Vector*, _generic_N_Vector*, _generic_N_Vector*)
0 -13566 22610 10 18088 -6468 0 18088 -2157 0
fl=???
fn=H5SL_above
0 0 0 0 0 0 0 0 0 0
fl=???
fn=H5E_get_auto
0 0 0 0 0 0 0 0 0 0
fl=???
fn=H5MM_xstrdup
0 0 0 0 0 0 0 0 0 0
fl=???
fn=H5LTread_dataset_double
0 0 0 0 0 0 0 0 0 0
fl=???
fn=H5AC_protect
0 0 0 0 0 0 0 0 0 0
fl=???
fn=H5I_term_interface
0 0 0 0 0 0 0 0 0 0
fl=???
fn=H5Z_xform_destroy
0 0 0 0 0 0 0 0 0 0
fl=???
fn=H5O_chunk_resize
0 0 0 0 0 0 0 0 0 0
fl=???
fn=H5A_free
0 0 0 0 0 0 0 0 0 0
fl=???
fn=SUNDenseLinearSolver
0 0 0 0 0 0 0 0 0 0
fl=???
fn=H5T__conv_ullong_short
0 0 0 0 0 0 0 0 0 0
fl=???
fn=H5L_init
0 0 0 0 0 0 0 0 0 0
fl=/build/eglibc-ripdx6/eglibc-2.19/elf/../elf/dl-sysdep.c
fn=_dl_sysdep_start
0 0 0 0 0 0 0 0 0 0
fl=???
fn=H5G__stab_create_components
0 0 0 0 0 0 0 0 0 0
fl=???
fn=N_VInv_Serial
0 0 -5254 -1 0 0 0 0 0 0
fl=???
fn=H5HL_prfx_new
0 0 0 0 0 0 0 0 0 0
fl=???
fn=H5TS_mutex_unlock
0 0 0 0 0 0 0 0 0 0
fl=/build/eglibc-ripdx6/eglibc-2.19/libio/iovsprintf.c
fn=vsprintf
0 0 0 0 0 0 0 0 0 0
fl=???
fn=H5FD_open
0 0 0 0 0 0 0 0 0 0
fl=???
fn=H5T__conv_int_uchar
0 0 0 0 0 0 0 0 0 0
fl=???
fn=H5T__create
0 0 0 0 0 0 0 0 0 0
fl=???
fn=H5D_flush
0 0 0 0 0 0 0 0 0 0
fl=???
fn=H5T__conv_uint_llong
0 0 0 0 0 0 0 0 0 0
fl=/build/eglibc-ripdx6/eglibc-2.19/csu/libc-start.c
fn=(below main)
0 0 0 0 0 0 0 0 0 0
fl=???
fn=CVDlsSetLinearSolver
0 0 -3 -3 0 0 0 0 0 0
fl=???
fn=H5C_set_evictions_enabled
0 0 0 0 0 0 0 0 0 0
fl=/build/eglibc-ripdx6/eglibc-2.19/string/../sysdeps/x86_64/multiarch/memcpy-ssse3-back.S
fn=__memmove_ssse3_back
0 0 0 0 0 0 0 0 0 0
fl=???
fn=H5P_init
0 0 0 0 0 0 0 0 0 0
fl=/build/eglibc-ripdx6/eglibc-2.19/string/../sysdeps/x86_64/multiarch/../rtld-strlen.S
fn=strlen
0 0 0 0 0 0 0 0 0 0
fl=/opt/conda/conda-bld/compilers_linux-64_1520532893746/work/.build/x86_64-conda_cos6-linux-gnu/build/build-cc-gcc-final/x86_64-conda_cos6-linux-gnu/libstdc++-v3/include/ext/concurrence.h
fn=_GLOBAL__sub_I_eh_alloc.cc
0 0 0 0 0 0 0 0 0 0
fl=/build/eglibc-ripdx6/eglibc-2.19/string/../sysdeps/x86_64/multiarch/strcmp.S
fn=strcmp
0 0 0 0 0 0 0 0 0 0
fl=???
fn=H5FL_fac_term
0 0 0 0 0 0 0 0 0 0
fl=???
fn=H5FO_top_decr
0 0 0 0 0 0 0 0 0 0
fl=???
fn=H5I_destroy_type
0 0 0 0 0 0 0 0 0 0
fl=/build/eglibc-ripdx6/eglibc-2.19/string/../sysdeps/x86_64/multiarch/strcpy-sse2-unaligned.S
fn=__strncpy_sse2_unaligned
0 29 0 -1 0 1 0 0 0 0
fl=/build/eglibc-ripdx6/eglibc-2.19/stdlib/cxa_atexit.c
fn=__new_exitfn
0 0 0 0 0 0 0 0 0 0
fl=???
fn=cvStep
0 0 12482 0 0 0 0 0 0 0
fl=???
fn=N_VDiv_Serial
0 0 0 0 0 0 0 0 0 0
fl=/build/eglibc-ripdx6/eglibc-2.19/elf/dl-deps.c
fn=_dl_map_object_deps
0 0 0 0 0 0 0 0 0 0
fl=/build/eglibc-ripdx6/eglibc-2.19/misc/../sysdeps/unix/sysv/linux/x86_64/brk.c
fn=brk
0 0 0 0 0 0 0 0 0 0
fl=???
fn=H5LTget_dataset_info
0 0 0 0 0 0 0 0 0 0
fl=/opt/conda/conda-bld/compilers_linux-64_1520532893746/work/.build/src/gcc-7.2.0/libstdc++-v3/src/c++11/locale-inst.cc
fn=_GLOBAL__sub_I_locale_inst.cc
0 0 0 0 0 0 0 0 0 0
fl=???
fn=H5AC_set_cache_auto_resize_config
0 0 0 0 0 0 0 0 0 0
fl=???
fn=H5AC_resize_entry
0 0 0 0 0 0 0 0 0 0
fl=???
fn=N_VNew_Serial
0 0 0 0 0 0 0 0 0 0
fl=/build/eglibc-ripdx6/eglibc-2.19/string/../sysdeps/x86_64/multiarch/../cacheinfo.c
fn=handle_intel
0 0 0 0 0 0 0 0 0 0
fl=???
fn=N_VScale_Serial
0 0 13375 0 0 5947 0 0 13 0
fl=???
fn=H5G__node_init
0 0 0 0 0 0 0 0 0 0
fl=???
fn=H5T__conv_ushort_float
0 0 0 0 0 0 0 0 0 0
fl=???
fn=H5D__contig_alloc
0 0 0 0 0 0 0 0 0 0
fl=???
fn=H5B_find
0 0 0 0 0 0 0 0 0 0
fl=???
fn=H5RS_decr
0 0 0 0 0 0 0 0 0 0
fl=???
fn=N_VInv
0 0 -2 0 0 0 0 0 0 0
fl=???
fn=H5open
0 0 0 0 0 0 0 0 0 0
fl=/build/eglibc-ripdx6/eglibc-2.19/resource/../sysdeps/unix/syscall-template.S
fn=getrlimit
0 0 0 0 0 0 0 0 0 0
fl=???
fn=CVodeSetMaxNumSteps
0 0 -1 -1 0 0 0 0 0 0
fl=???
fn=H5FD_get_fs_type_map
0 0 0 0 0 0 0 0 0 0
fl=???
fn=H5Oclose
0 0 0 0 0 0 0 0 0 0
fl=???
fn=H5G_name_set
0 0 0 0 0 0 0 0 0 0
fl=???
fn=H5F_init
0 0 0 0 0 0 0 0 0 0
fl=???
fn=H5P_create_id
0 0 0 0 0 0 0 0 0 0
fl=???
fn=H5T__array_create
0 0 0 0 0 0 0 0 0 0
fl=???
fn=N_VAbs_Serial
0 0 -2 0 0 0 0 0 0 0
fl=/build/eglibc-ripdx6/eglibc-2.19/elf/setup-vdso.h
fn=dl_main
0 0 0 0 0 0 0 0 0 0
fl=???
fn=H5S_get_simple_extent_type
0 0 0 0 0 0 0 0 0 0
fl=???
fn=H5A_compact_build_table
0 0 0 0 0 0 0 0 0 0
fl=/build/eglibc-ripdx6/eglibc-2.19/nptl/pthread_setspecific.c
fn=pthread_setspecific
0 0 0 0 0 0 0 0 0 0
fl=/build/eglibc-ripdx6/eglibc-2.19/elf/dl-tls.c
fn=_dl_next_tls_modid
0 0 0 0 0 0 0 0 0 0
fl=???
fn=H5T_term_interface
0 0 0 0 0 0 0 0 0 0
fl=/build/eglibc-ripdx6/eglibc-2.19/elf/dl-tsd.c
fn=__libc_dl_error_tsd
0 0 0 0 0 0 0 0 0 0
fl=???
fn=H5T__conv_short_llong
0 0 0 0 0 0 0 0 0 0
fl=/build/eglibc-ripdx6/eglibc-2.19/ctype/ctype-info.c
fn=__ctype_init
0 0 0 0 0 0 0 0 0 0
fl=???
fn=H5T__conv_ldouble_uint
0 0 0 0 0 0 0 0 0 0
fl=???
fn=cvNls
0 0 3658 0 0 0 0 0 0 0
fl=???
fn=H5T__conv_float_uint
0 0 0 0 0 0 0 0 0 0
fl=???
fn=H5T__alloc
0 0 0 0 0 0 0 0 0 0
fl=???
fn=SUNLinSolSolve
0 0 4408 1 0 0 0 0 0 0
fl=???
fn=H5FL_reg_free
0 0 0 0 0 0 0 0 0 0
fl=/opt/conda/conda-bld/compilers_linux-64_1520532893746/work/.build/src/gcc-7.2.0/libstdc++-v3/src/c++11/compatibility-c++0x.cc
fn=_GLOBAL__sub_I_compatibility_c__0x.cc
0 0 0 0 0 0 0 0 0 0
fl=???
fn=H5O_msg_write_real
0 0 0 0 0 0 0 0 0 0
fl=???
fn=H5T__conv_schar_llong
0 0 0 0 0 0 0 0 0 0
fl=/build/eglibc-ripdx6/eglibc-2.19/stdlib/cxa_atexit.c
fn=__cxa_atexit
0 0 0 0 0 0 0 0 0 0
fl=???
fn=H5SL_term_interface
0 0 0 0 0 0 0 0 0 0
fl=/build/eglibc-ripdx6/eglibc-2.19/elf/dl-load.c
fn=fillin_rpath
0 0 0 0 0 0 0 0 0 0
fl=???
fn=H5A_set_version
0 0 0 0 0 0 0 0 0 0
fl=???
fn=H5T__conv_llong_schar
0 0 0 0 0 0 0 0 0 0
fl=/build/eglibc-ripdx6/eglibc-2.19/elf/dl-tls.c
fn=_dl_determine_tlsoffset
0 0 0 0 0 0 0 0 0 0
fl=/build/eglibc-ripdx6/eglibc-2.19/elf/dl-lookup.c
fn=do_lookup_x
0 0 5 0 0 1 0 0 0 0
fl=???
fn=H5FD_read
0 0 0 0 0 0 0 0 -8 0
fl=/build/eglibc-ripdx6/eglibc-2.19/time/../sysdeps/generic/dl-hash.h
fn=time
0 0 0 0 0 0 0 0 0 0
fl=???
fn=H5P_is_fill_value_defined
0 0 0 0 0 0 0 0 0 0
fl=???
fn=H5MM_strdup
0 0 0 0 0 0 0 0 0 0
fl=???
fn=cvRestore
0 0 0 0 0 0 0 0 0 0
fl=???
fn=cvIncreaseBDF
0 0 -50 0 0 0 0 0 -7 0
fl=/build/eglibc-ripdx6/eglibc-2.19/stdio-common/printf-parse.h
fn=vfprintf
0 0 0 0 0 0 0 0 0 0
fl=/opt/conda/conda-bld/compilers_linux-64_1520532893746/work/.build/src/gcc-7.2.0/libgcc/config/i386/cpuinfo.c
fn=__cpu_indicator_init@GCC_4.8.0
0 0 0 0 0 0 0 0 0 0
fl=???
fn=H5P_get
0 0 0 0 0 0 0 0 0 0
fl=/opt/conda/conda-bld/compilers_linux-64_1520532893746/work/.build/x86_64-conda_cos6-linux-gnu/build/build-cc-gcc-final/x86_64-conda_cos6-linux-gnu/libstdc++-v3/include/bits/locale_facets.h
fn=_GLOBAL__sub_I_cxx11_locale_inst.cc
0 0 0 0 0 0 0 0 0 0
fl=???
fn=H5O_msg_free_real
0 0 0 0 0 0 0 0 0 0
fl=/build/eglibc-ripdx6/eglibc-2.19/nptl/pthread_mutex_init.c
fn=pthread_mutex_init
0 0 0 0 0 0 0 0 0 0
fl=???
fn=H5FD_close
0 0 0 0 0 0 0 0 0 0
fl=???
fn=CVodeGetDky
0 0 1 1 0 0 0 0 0 0
fl=???
fn=H5O_chunk_add
0 0 0 0 0 0 0 0 0 0
fl=/build/eglibc-ripdx6/eglibc-2.19/elf/rtld.c
fn=init_tls
0 0 0 0 0 0 0 0 0 0
fl=/build/eglibc-ripdx6/eglibc-2.19/string/../sysdeps/x86_64/multiarch/../strcpy.S
fn=stpcpy
0 0 0 0 0 0 0 0 0 0
fl=???
fn=H5AC_flush
0 0 0 0 0 0 0 0 0 0
fl=???
fn=H5T__conv_double_ulong
0 0 0 0 0 0 0 0 0 0
fl=???
fn=N_VSpace_Serial
0 0 0 0 0 0 0 0 0 0
fl=???
fn=H5MF_try_shrink
0 0 0 0 0 0 0 0 0 0
fl=???
fn=cvNlsNewton
0 0 -32769 0 0 109 0 0 17 0
fl=/build/eglibc-ripdx6/eglibc-2.19/string/../sysdeps/x86_64/memset.S
fn=memset
0 0 0 0 0 0 0 0 0 0
fl=???
fn=H5T__conv_double_long
0 0 0 0 0 0 0 0 0 0
fl=???
fn=denseGETRS
0 0 -16287 1 0 -5252 0 0 0 0
fl=???
fn=H5FD_register
0 0 0 0 0 0 0 0 0 0
fl=???
fn=SUNLinSolFree
0 0 0 0 0 0 0 0 0 0
fl=???
fn=SUNDenseMatrix
0 0 0 0 0 0 0 0 0 0
fl=???
fn=H5T__conv_uchar_uint
0 0 0 0 0 0 0 0 0 0
fl=???
fn=H5I_clear_type
0 0 0 0 0 0 0 0 0 0
fl=/build/eglibc-ripdx6/eglibc-2.19/nptl/../nptl/sysdeps/unix/sysv/linux/register-atfork.c
fn=__linkin_atfork
0 0 0 0 0 0 0 0 0 0
fl=/build/eglibc-ripdx6/eglibc-2.19/io/../sysdeps/unix/syscall-template.S
fn=__close_nocancel
0 0 0 0 0 0 0 0 0 0
fl=???
fn=SUNMatZero_Dense
0 0 0 0 0 0 0 0 -1164 0
fl=???
fn=H5G_name_copy
0 0 0 0 0 0 0 0 0 0
fl=???
fn=H5F_grp_btree_shared
0 0 0 0 0 0 0 0 0 0
fl=???
fn=N_VWrmsNorm_Serial
0 0 -4108 -1 0 0 0 0 0 0
fl=???
fn=H5O_msg_copy
0 0 0 0 0 0 0 0 0 0
fl=/build/eglibc-ripdx6/eglibc-2.19/malloc/hooks.c
fn=realloc_hook_ini
0 0 0 0 0 0 0 0 0 0
fl=???
fn=H5C_resize_entry
0 0 0 0 0 0 0 0 0 0
fl=/build/eglibc-ripdx6/eglibc-2.19/elf/dl-load.c
fn=expand_dynamic_string_token
0 0 0 0 0 0 0 0 0 0
fl=???
fn=H5WB_actual
0 0 0 0 0 0 0 0 0 0
fl=???
fn=H5FD_flush
0 0 0 0 0 0 0 0 0 0
fl=???
fn=H5F_get_nmounts
0 0 0 0 0 0 0 0 0 0
fl=???
fn=H5Aclose
0 0 0 0 0 0 0 0 0 0
fl=/build/eglibc-ripdx6/eglibc-2.19/elf/../misc/sbrk.c
fn=sbrk
0 0 0 0 0 0 0 0 0 0
fl=/build/eglibc-ripdx6/eglibc-2.19/malloc/morecore.c
fn=__default_morecore
0 0 0 0 0 0 0 0 0 0
fl=???
fn=H5T__conv_llong_short
0 0 0 0 0 0 0 0 0 0
fl=???
fn=H5FD_get_feature_flags
0 0 0 0 0 0 0 0 0 0
fl=???
fn=H5D__contig_read
0 0 0 0 0 0 0 0 0 0
fl=???
fn=VCopy_Serial
0 0 10901 1 0 0 0 0 0 0
fl=???
fn=H5I_iterate
0 0 0 0 0 0 0 0 0 0
fl=???
fn=H5FL_garbage_coll
0 0 0 0 0 0 0 0 0 0
fl=???
fn=H5O_dec_rc
0 0 0 0 0 0 0 0 0 0
fl=???
fn=H5T__conv_float_schar
0 0 0 0 0 0 0 0 0 0
fl=???
fn=H5T__conv_ullong_int
0 0 0 0 0 0 0 0 0 0
fl=???
fn=H5FL_fac_init
0 0 0 0 0 0 0 0 0 0
fl=/build/eglibc-ripdx6/eglibc-2.19/stdlib/mul.c
fn=__mpn_mul
0 0 0 0 0 0 0 0 0 0
fl=???
fn=H5O_free
0 0 0 0 0 0 0 0 0 0
fl=???
fn=H5P_add_prop
0 0 0 0 0 0 0 0 0 0
fl=???
fn=SUNDenseMatrix_Columns
0 0 1417 0 0 0 0 0 0 0
fl=???
fn=H5S_has_extent
0 0 0 0 0 0 0 0 0 0
fl=???
fn=cvCompleteStep
0 0 -14100 1 0 -2 0 0 0 0
fl=/build/eglibc-ripdx6/eglibc-2.19/elf/rtld.c
fn=map_doit
0 0 0 0 0 0 0 0 0 0
fl=/build/eglibc-ripdx6/eglibc-2.19/dlfcn/dlerror.c
fn=check_free
0 0 0 0 0 0 0 0 0 0
fl=???
fn=N_VSpace
0 0 -1 -1 0 0 0 0 0 0
fl=???
fn=H5F_open
0 0 0 0 0 0 0 0 0 0
fl=???
fn=H5O_close
0 0 0 0 0 0 0 0 0 0
fl=???
fn=H5FS_new
0 0 0 0 0 0 0 0 0 0
fl=???
fn=H5FL_seq_calloc
0 0 0 0 0 0 0 0 0 0
fl=/opt/conda/conda-bld/compilers_linux-64_1520532893746/work/.build/x86_64-conda_cos6-linux-gnu/build/build-cc-gcc-final/x86_64-conda_cos6-linux-gnu/libstdc++-v3/include/bits/locale_facets.h
fn=_GLOBAL__sub_I_cxx11_wlocale_inst.cc
0 0 0 0 0 0 0 0 0 0
fl=???
fn=H5O_msg_append_real
0 0 0 0 0 0 0 0 0 0
fl=???
fn=H5A_attr_iterate_table
0 0 0 0 0 0 0 0 0 0
fl=???
fn=H5FD_free_real
0 0 0 0 0 0 0 0 0 0
fl=???
fn=N_VGetArrayPointer_Serial
0 0 5 0 0 0 0 0 0 0
fl=???
fn=H5FD_set_base_addr
0 0 0 0 0 0 0 0 0 0
fl=/build/eglibc-ripdx6/eglibc-2.19/libio/fileops.c
fn=_IO_file_write@@GLIBC_2.2.5
0 0 0 0 0 0 0 0 0 0
fl=???
fn=H5G_ent_encode
0 0 0 0 0 0 0 0 0 0
fl=/build/eglibc-ripdx6/eglibc-2.19/elf/dl-deps.c
fn=openaux
0 0 0 0 0 0 0 0 0 0
fl=/build/eglibc-ripdx6/eglibc-2.19/nptl/pthread_self.c
fn=pthread_self
0 0 0 0 0 0 0 0 0 0
fl=???
fn=H5LT_set_attribute_numerical
0 0 0 0 0 0 0 0 0 0
fl=???
fn=H5MM_realloc
0 0 0 0 0 0 0 0 0 0
fl=/build/eglibc-ripdx6/eglibc-2.19/stdlib/cxa_finalize.c
fn=__cxa_finalize
0 0 0 0 0 0 0 0 0 0
fl=/build/eglibc-ripdx6/eglibc-2.19/math/w_log.c
fn=log
0 0 0 0 0 0 0 0 0 0
fl=???
fn=H5O_inc_rc
0 0 0 0 0 0 0 0 0 0
fl=???
fn=H5B_node_dest
0 0 0 0 0 0 0 0 0 0
fl=???
fn=H5G__stab_create
0 0 0 0 0 0 0 0 0 0
fl=???
fn=Vaxpy_Serial
0 0 -6188 0 0 2047 0 0 0 0
fl=???
fn=H5HL_dest
0 0 0 0 0 0 0 0 0 0
fl=/build/eglibc-ripdx6/eglibc-2.19/elf/../sysdeps/unix/sysv/linux/dl-vdso.c
fn=_dl_vdso_vsym
0 0 0 0 0 0 0 0 0 0
fl=???
fn=H5RS_create
0 0 0 0 0 0 0 0 0 0
fl=???
fn=H5MF_aggr_alloc
0 0 0 0 0 0 0 0 0 0
fl=???
fn=cvYddNorm
0 0 -1 -1 0 1 0 0 0 0
fl=???
fn=N_VDestroy
0 0 1 1 0 0 0 0 0 0
fl=/build/eglibc-ripdx6/eglibc-2.19/malloc/malloc.c
fn=_int_free
0 0 0 0 0 0 0 0 0 0
fl=/build/eglibc-ripdx6/eglibc-2.19/string/../sysdeps/x86_64/multiarch/memcmp-sse4.S
fn=__memcmp_sse4_1
0 0 0 0 0 0 0 0 0 0
fl=???
fn=H5FO_top_dest
0 0 0 0 0 0 0 0 0 0
fl=???
fn=H5T__conv_short_float
0 0 0 0 0 0 0 0 0 0
fl=???
fn=N_VMin
0 0 -3 0 0 0 0 0 0 0
fl=???
fn=H5T__conv_ldouble_long
0 0 0 0 0 0 0 0 0 0
fl=???
fn=H5T__conv_uchar_ushort
0 0 0 0 0 0 0 0 0 0
fl=/build/eglibc-ripdx6/eglibc-2.19/elf/do-rel.h
fn=_dl_relocate_object
0 0 0 0 0 0 0 0 0 0
fl=???
fn=H5O_protect
0 0 0 0 0 0 0 0 0 0
fl=???
fn=H5O_obj_type
0 0 0 0 0 0 0 0 0 0
fl=/build/eglibc-ripdx6/eglibc-2.19/elf/dl-misc.c
fn=_dl_sysdep_read_whole_file
0 0 0 0 0 0 0 0 0 0
fl=???
fn=H5Fclose
0 0 0 0 0 0 0 0 0 0
fl=???
fn=H5T__conv_float_int
0 0 0 0 0 0 0 0 0 0
fl=???
fn=SUNMatCopy_Dense
0 0 0 0 0 -2272 0 0 -37 0
fl=/home/kwoksun2/dengo/dengo-project-dengo-ed14369817a2/dengo_data_structure/Untitled Folder/serial_performance_grid/eqH2/final/new/new__solver.C
fn=new__setup_data(int*, char***)
0 0 0 0 0 0 0 0 0 0
fl=???
fn=H5S_term_interface
0 0 0 0 0 0 0 0 0 0
fl=???
fn=H5F_sfile_remove
0 0 0 0 0 0 0 0 0 0
fl=/build/eglibc-ripdx6/eglibc-2.19/stdlib/getenv.c
fn=getenv
0 0 0 0 0 0 0 0 0 0
fl=???
fn=__libc_csu_init
0 0 0 0 0 0 0 0 0 0
fl=???
fn=H5C_unpin_entry
0 0 0 0 0 0 0 0 0 0
fl=???
fn=H5MM_xfree
0 0 0 0 0 0 0 0 0 0
fl=/build/eglibc-ripdx6/eglibc-2.19/elf/dl-init.c
fn=_dl_init
0 0 0 0 0 0 0 0 0 0
fl=???
fn=H5T__conv_ullong_ushort
0 0 0 0 0 0 0 0 0 0
fl=???
fn=H5T_path_find
0 0 0 0 0 0 0 0 0 0
fl=/build/eglibc-ripdx6/eglibc-2.19/nptl/../nptl/sysdeps/unix/sysv/linux/x86/elision-conf.c
fn=elision_init
0 0 0 0 0 0 0 0 0 0
fl=/build/eglibc-ripdx6/eglibc-2.19/nptl/forward.c
fn=pthread_self
0 0 0 0 0 0 0 0 0 0
fl=/build/eglibc-ripdx6/eglibc-2.19/elf/get-dynamic-info.h
fn=_dl_map_object_from_fd
0 0 0 0 0 0 0 0 0 0
fl=???
fn=H5G__obj_create
0 0 0 0 0 0 0 0 0 0
fl=???
fn=H5P_create_class
0 0 0 0 0 0 0 0 0 0
fl=???
fn=H5TS_cancel_count_inc
0 0 0 0 0 0 0 0 0 0
fl=???
fn=cvEwtSet
0 0 8837 1 0 0 0 0 0 0
fl=???
fn=H5FD_fapl_open
0 0 0 0 0 0 0 0 0 0
fl=/build/eglibc-ripdx6/eglibc-2.19/elf/do-rel.h
fn=_dl_start
0 0 0 0 0 0 0 0 0 0
fl=???
fn=H5P_facc_close
0 0 0 0 0 0 0 0 0 0
fl=/home/kwoksun2/dengo/dengo-project-dengo-ed14369817a2/dengo_data_structure/Untitled Folder/serial_performance_grid/eqH2/final/new/new__solver.C
fn=new__main(int, char**)
0 0 0 0 0 0 1 0 0 0
fl=???
fn=H5FD_log_term
0 0 0 0 0 0 0 0 0 0
fl=???
fn=H5S_create
0 0 0 0 0 0 0 0 0 0
fl=???
fn=H5O_chunk_unprotect
0 0 0 0 0 0 0 0 0 0
fl=???
fn=H5S_get_select_offset
0 0 0 0 0 0 0 0 0 0
fl=/build/eglibc-ripdx6/eglibc-2.19/elf/dl-minimal.c
fn=calloc
0 0 0 0 0 0 0 0 0 0
fl=/build/eglibc-ripdx6/eglibc-2.19/math/../sysdeps/ieee754/dbl-64/e_pow.c
fn=__ieee754_pow_sse2
0 0 2012 0 0 7314 0 0 0 0
fl=???
fn=H5E_clear_stack
0 0 0 0 0 0 0 0 0 0
fl=???
fn=H5D_open
0 0 0 0 0 0 0 0 3 0
fl=/opt/conda/conda-bld/compilers_linux-64_1520532893746/work/.build/src/gcc-7.2.0/libstdc++-v3/src/c++11/compatibility-c++0x.cc
fn=std::(anonymous namespace)::system_error_category::~system_error_category()
0 0 0 0 0 0 0 0 0 0
fl=???
fn=H5Dwrite
0 0 0 0 0 0 0 0 0 0
fl=???
fn=H5G__component
0 0 0 0 0 0 0 0 0 0
fl=???
fn=H5T__conv_uchar_ullong
0 0 0 0 0 0 0 0 0 0
fl=???
fn=H5O_open
0 0 0 0 0 0 0 0 0 0
fl=???
fn=H5O_msg_alloc
0 0 0 0 0 0 0 0 0 0
fl=/build/eglibc-ripdx6/eglibc-2.19/string/../sysdeps/x86_64/multiarch/memcpy.S
fn=memcpy@@GLIBC_2.14
0 0 0 0 0 0 0 0 0 0
fl=/build/eglibc-ripdx6/eglibc-2.19/stdlib/msort.c
fn=qsort_r
0 0 0 0 0 0 0 0 0 0
fl=???
fn=H5FL_blk_free
0 0 0 0 0 0 0 0 0 0
fl=???
fn=H5AC_unpin_entry
0 0 0 0 0 0 0 0 0 0
fl=???
fn=cvErrHandler
0 0 0 0 0 0 0 0 0 0
fl=/home/kwoksun2/dengo/dengo-project-dengo-ed14369817a2/dengo_data_structure/Untitled Folder/serial_performance_grid/eqH2/final/new/new__solver_main.C
fn=main
0 0 0 0 0 0 0 0 0 0
fl=/build/eglibc-ripdx6/eglibc-2.19/elf/../sysdeps/unix/sysv/linux/dl-sysdep.c
fn=_dl_sysdep_start
0 0 0 0 0 0 0 0 0 0
fl=???
fn=H5AC_validate_config
0 0 0 0 0 0 0 0 0 0
fl=???
fn=H5T__conv_short_ullong
0 0 0 0 0 0 0 0 0 0
fl=???
fn=H5T__conv_ulong_ldouble
0 0 0 0 0 0 0 0 0 0
fl=/opt/conda/conda-bld/compilers_linux-64_1520532893746/work/.build/src/gcc-7.2.0/libstdc++-v3/libsupc++/guard.cc
fn=__cxa_guard_acquire
0 0 0 0 0 0 0 0 0 0
fl=/build/eglibc-ripdx6/eglibc-2.19/nptl/cleanup_defer_compat.c
fn=_pthread_cleanup_pop_restore
0 0 0 0 0 0 0 0 0 0
fl=???
fn=H5O_link
0 0 0 0 0 0 0 0 0 0
fl=???
fn=H5T_set_loc
0 0 0 0 0 0 0 0 0 0
fl=/build/eglibc-ripdx6/eglibc-2.19/io/../sysdeps/unix/syscall-template.S
fn=read
0 0 0 0 0 0 0 0 0 0
fl=???
fn=H5I_register
0 0 0 0 0 0 0 0 0 0
fl=???
fn=H5FS_sinfo_new
0 0 0 0 0 0 0 0 0 0
fl=???
fn=H5F_has_feature
0 0 0 0 0 0 0 0 0 0
fl=???
fn=H5G__link_to_loc
0 0 0 0 0 0 0 0 0 0
fl=???
fn=H5C_mark_entry_dirty
0 0 0 0 0 0 0 0 0 0
fl=???
fn=H5PL_term_interface
0 0 0 0 0 0 0 0 0 0
fl=???
fn=H5T__conv_double_ldouble
0 0 0 0 0 0 0 0 0 0
fl=???
fn=H5S_select_get_seq_list
0 0 0 0 0 0 0 0 0 0
fl=/build/eglibc-ripdx6/eglibc-2.19/ctype/../include/ctype.h
fn=__ctype_b_loc
0 0 0 0 0 0 0 0 0 0
fl=???
fn=H5F_sfile_add
0 0 0 0 0 0 0 0 0 0
fl=???
fn=SUNRsqrt
0 0 -1 0 0 0 0 0 0 0
fl=???
fn=H5E_get_stack
0 0 0 0 0 0 0 0 0 0
fl=/build/eglibc-ripdx6/eglibc-2.19/elf/../sysdeps/unix/sysv/linux/dl-sysdep.c
fn=_dl_discover_osversion
0 0 0 0 0 0 0 0 0 0
fl=???
fn=H5FS_dirty
0 0 0 0 0 0 0 0 0 0
fl=/build/eglibc-ripdx6/eglibc-2.19/math/../sysdeps/ieee754/dbl-64/e_log.c
fn=__ieee754_log_avx
0 0 -3980 0 0 13267 0 0 3188 0
fl=???
fn=H5T__conv_ullong_uchar
0 0 0 0 0 0 0 0 0 0
fl=???
fn=H5D__contig_is_space_alloc
0 0 0 0 0 0 0 0 0 0
fl=/home/kwoksun2/dengo/dengo-project-dengo-ed14369817a2/dengo_data_structure/Untitled Folder/serial_performance_grid/eqH2/final/new/new__solver.C
fn=new__read_gamma(new__data*)
0 0 0 0 0 0 0 0 0 0
fl=/build/eglibc-ripdx6/eglibc-2.19/string/../sysdeps/x86_64/multiarch/../cacheinfo.c
fn=intel_check_word
0 0 0 0 0 0 0 0 0 0
fl=/opt/conda/conda-bld/compilers_linux-64_1520532893746/work/.build/src/gcc-7.2.0/libstdc++-v3/src/c++11/system_error.cc
fn=_GLOBAL__sub_I_system_error.cc
0 0 0 0 0 0 0 0 0 0
fl=???
fn=H5HL_protect
0 0 0 0 0 0 0 0 0 0
fl=???
fn=cvAdjustParams
0 0 5 0 0 0 0 0 0 0
fl=???
fn=H5G__node_free
0 0 0 0 0 0 0 0 0 0
fl=???
fn=N_VClone
0 0 0 0 0 0 0 0 0 0
fl=???
fn=H5FO_top_create
0 0 0 0 0 0 0 0 0 0
fl=???
fn=cvFreeVectors
0 0 -1 -1 0 0 0 0 0 0
fl=/build/eglibc-ripdx6/eglibc-2.19/elf/dl-lookup.c
fn=_dl_lookup_symbol_x
0 0 -1 0 0 0 0 0 0 0
fl=???
fn=H5TS_pthread_first_thread_init
0 0 0 0 0 0 0 0 0 0
fl=???
fn=H5S_extent_get_dims
0 0 0 0 0 0 0 0 -1 0
fl=???
fn=H5G_close
0 0 0 0 0 0 0 0 0 0
fl=???
fn=SUNLinSolSetup
0 0 -4076 -1 0 0 0 0 0 0
fl=???
fn=H5P_term_interface
0 0 0 0 0 0 0 0 0 0
fl=???
fn=cvInitialSetup
0 0 2 1 0 0 0 0 0 0
fl=???
fn=H5G_normalize
0 0 0 0 0 0 0 0 0 0
fl=???
fn=H5T__conv_schar_double
0 0 0 0 0 0 0 0 0 0
fl=???
fn=H5T__print_stats
0 0 0 0 0 0 0 0 0 0
fl=???
fn=H5I_register_type
0 0 0 0 0 0 0 0 0 0
fl=???
fn=H5G__traverse_special
0 0 0 0 0 0 0 0 0 0
fl=/home/kwoksun2/dengo/dengo-project-dengo-ed14369817a2/dengo_data_structure/Untitled Folder/serial_performance_grid/eqH2/final/new/new__solver.C
fn=new__read_cooling_tables(new__data*)
0 0 0 0 0 0 0 0 0 0
fl=/opt/conda/conda-bld/compilers_linux-64_1520532893746/work/.build/x86_64-conda_cos6-linux-gnu/build/build-cc-gcc-final/x86_64-conda_cos6-linux-gnu/libstdc++-v3/include/bits/locale_classes.h
fn=_GLOBAL__sub_I_locale_inst.cc
0 0 0 0 0 0 0 0 0 0
fl=/build/eglibc-ripdx6/eglibc-2.19/math/../sysdeps/x86_64/fpu/multiarch/e_log.c
fn=__log_finite
0 0 0 0 0 0 0 0 0 0
fl=???
fn=H5FO_dest
0 0 0 0 0 0 0 0 0 0
fl=???
fn=H5RS_dup
0 0 0 0 0 0 0 0 0 0
fl=???
fn=H5RC_create
0 0 0 0 0 0 0 0 0 0
fl=???
fn=N_VWrmsNorm
0 0 -14885 0 0 0 0 0 0 0
fl=???
fn=H5FL_seq_malloc
0 0 0 0 0 0 0 0 0 0
fl=???
fn=H5MF_aggr_query
0 0 0 0 0 0 0 0 0 0
fl=???
fn=cvProcessError
0 0 0 0 0 0 0 0 0 0
fl=???
fn=cvSetBDF
0 0 0 0 0 0 0 0 -1 0
fl=???
fn=H5O_loc_copy
0 0 0 0 0 0 0 0 -4 0
fl=???
fn=H5O_msg_raw_size
0 0 0 0 0 0 0 0 0 0
fl=/build/eglibc-ripdx6/eglibc-2.19/elf/dl-cache.c
fn=_dl_cache_libcmp
0 0 0 0 0 0 0 0 0 0
fl=???
fn=H5MF_sect_simple_can_shrink
0 0 0 0 0 0 0 0 0 0
fl=???
fn=H5FD_get_eoa
0 0 0 0 0 -3 0 0 0 0
fl=???
fn=H5Fopen
0 0 0 0 0 0 0 0 0 0
fl=/build/eglibc-ripdx6/eglibc-2.19/string/wordcopy.c
fn=_wordcopy_fwd_aligned
0 0 0 0 0 0 0 0 0 0
fl=???
fn=H5F_traverse_mount
0 0 0 0 0 0 0 0 0 0
fl=???
fn=H5T__conv_double_short
0 0 0 0 0 0 0 0 0 0
fl=/build/eglibc-ripdx6/eglibc-2.19/elf/../sysdeps/x86_64/dl-machine.h
fn=_dl_sysdep_start
0 0 0 0 0 0 0 0 0 0
fl=???
fn=H5FS_hdr_dest
0 0 0 0 0 0 0 0 0 0
fl=???
fn=H5MF_aggr_try_extend
0 0 0 0 0 0 0 0 0 0
fl=/build/eglibc-ripdx6/eglibc-2.19/math/../sysdeps/x86_64/fpu/multiarch/e_pow.c
fn=__pow_finite
0 0 0 0 0 0 0 0 0 0
fl=???
fn=H5G_loc_find
0 0 0 0 0 0 0 0 0 0
fl=???
fn=H5O_attr_iterate_real
0 0 0 0 0 0 0 0 0 0
fl=???
fn=H5T__conv_schar_uchar
0 0 0 0 0 0 0 0 0 0
fl=/build/eglibc-ripdx6/eglibc-2.19/string/../sysdeps/x86_64/multiarch/../memcpy.S
fn=memcpy
0 0 0 0 0 0 0 0 0 0
fl=???
fn=H5S_select_iter_release
0 0 0 0 0 0 0 0 0 0
fl=???
fn=GlobalVectorLength_DenseLS
0 0 0 0 0 0 0 0 0 0
fl=/build/eglibc-ripdx6/eglibc-2.19/nptl/pthread_mutex_unlock.c
fn=pthread_mutex_unlock
0 0 0 0 0 0 0 0 0 0
fl=???
fn=H5O_chunk_protect
0 0 0 0 0 0 0 0 0 0
fl=???
fn=H5TN_init_interface
0 0 0 0 0 0 0 0 0 0
fl=???
fn=SUNRpowerI
0 0 -1793 0 0 0 0 0 0 0
fl=???
fn=H5Dcreate2
0 0 0 0 0 0 0 0 0 0
fl=/build/eglibc-ripdx6/eglibc-2.19/libio/iofwrite.c
fn=fwrite
0 0 0 0 0 0 0 0 0 0
fl=/build/eglibc-ripdx6/eglibc-2.19/elf/dl-minimal.c
fn=malloc
0 0 0 0 0 0 0 0 0 0
fl=???
fn=H5T__conv_ushort_uint
0 0 0 0 0 0 0 0 0 0
fl=???
fn=H5T__conv_float_short
0 0 0 0 0 0 0 0 0 0
fl=/opt/conda/conda-bld/compilers_linux-64_1520532893746/work/.build/src/gcc-7.2.0/libstdc++-v3/src/c++11/system_error.cc
fn=(anonymous namespace)::generic_error_category::~generic_error_category()
0 0 0 0 0 0 0 0 0 0
fl=/opt/conda/conda-bld/compilers_linux-64_1520532893746/work/.build/x86_64-conda_cos6-linux-gnu/build/build-cc-gcc-final/x86_64-conda_cos6-linux-gnu/libstdc++-v3/include/ext/concurrence.h
fn=_GLOBAL__sub_I_bitmap_allocator.cc
0 0 0 0 0 0 0 0 0 0
fl=???
fn=CVodeSVtolerances
0 0 -2 0 0 0 0 0 0 0
fl=???
fn=N_VConst_Serial
0 0 -1813 0 0 0 0 0 0 0
fl=/build/eglibc-ripdx6/eglibc-2.19/stdio-common/printf_fp.c
fn=__printf_fp
0 0 -2 0 0 -2 0 0 0 0
fl=???
fn=H5FD_multi_term
0 0 0 0 0 0 0 0 0 0
fl=/build/eglibc-ripdx6/eglibc-2.19/nptl/../nptl/sysdeps/unix/sysv/linux/register-atfork.c
fn=__register_atfork
0 0 0 0 0 0 0 0 0 0
fl=/build/eglibc-ripdx6/eglibc-2.19/nptl/pthread_getspecific.c
fn=pthread_getspecific
0 0 0 0 0 -1 0 0 0 0
fl=???
fn=H5T__conv_short_schar
0 0 0 0 0 0 0 0 0 0
fl=???
fn=H5O_msg_reset_share
0 0 0 0 0 0 0 0 0 0
fl=???
fn=cvComputeEtaqp1
0 0 0 0 0 0 0 0 0 0
fl=???
fn=H5MF_try_extend
0 0 0 0 0 0 0 0 0 0
fl=???
fn=H5SL_first
0 0 0 0 0 1 0 0 0 0
fl=???
fn=H5HL_unprotect
0 0 0 0 0 0 0 0 0 0
fl=/build/eglibc-ripdx6/eglibc-2.19/nptl/nptl-init.c
fn=__pthread_initialize_minimal
0 0 0 0 0 0 0 0 0 0
fl=???
fn=H5G_open
0 0 0 0 0 0 0 0 0 0
fl=???
fn=H5I_dec_ref
0 0 0 0 0 0 0 0 0 0
fl=???
fn=H5C_insert_entry
0 0 0 0 0 0 0 0 0 0
fl=???
fn=H5T__conv_uint_schar
0 0 0 0 0 0 0 0 0 0
fl=/build/eglibc-ripdx6/eglibc-2.19/stdio-common/vfprintf.c
fn=vfprintf
0 0 -2 0 0 4 1 0 0 0
fl=???
fn=SUNMatGetID_Dense
0 0 19200 1 0 0 0 0 0 0
fl=???
fn=H5C_unprotect
0 0 0 0 0 0 0 0 0 0
fl=???
fn=H5HL_create
0 0 0 0 0 0 0 0 0 0
fl=/build/eglibc-ripdx6/eglibc-2.19/csu/../sysdeps/x86_64/multiarch/init-arch.c
fn=__get_cpu_features
0 0 0 0 0 0 0 0 0 0
fl=/opt/conda/conda-bld/compilers_linux-64_1520532893746/work/.build/x86_64-conda_cos6-linux-gnu/build/build-cc-gcc-final/x86_64-conda_cos6-linux-gnu/libstdc++-v3/include/bits/locale_classes.h
fn=_GLOBAL__sub_I_wlocale_inst.cc
0 0 0 0 0 0 0 0 0 0
fl=/build/eglibc-ripdx6/eglibc-2.19/misc/../sysdeps/unix/syscall-template.S
fn=munmap
0 0 0 0 0 0 0 0 0 0
fl=???
fn=H5T__conv_ushort_short
0 0 0 0 0 0 0 0 0 0
fl=???
fn=H5C_protect
0 0 0 0 0 2 0 0 1 0
fl=/build/eglibc-ripdx6/eglibc-2.19/debug/sprintf_chk.c
fn=__sprintf_chk
0 0 0 0 0 0 0 0 0 0
fl=???
fn=H5SL_insert
0 0 0 0 0 0 0 0 0 0
fl=/build/eglibc-ripdx6/eglibc-2.19/nptl/../nptl/sysdeps/unix/sysv/linux/libc_pthread_init.c
fn=__libc_pthread_init
0 0 0 0 0 0 0 0 0 0
fl=???
fn=H5I_nmembers
0 0 0 0 0 0 0 0 0 0
fl=/build/eglibc-ripdx6/eglibc-2.19/stdlib/exit.c
fn=__run_exit_handlers
0 0 0 0 0 0 0 0 0 0
fl=/build/eglibc-ripdx6/eglibc-2.19/math/w_pow.c
fn=pow
0 0 4314 0 0 0 0 0 0 0
fl=???
fn=H5T_copy
0 0 0 0 0 1 0 0 0 0
fl=???
fn=H5D__layout_oh_create
0 0 0 0 0 0 0 0 0 0
fl=???
fn=H5V_opvv
0 0 0 0 0 0 0 0 0 0
fl=???
fn=H5T_detect_class
0 0 0 0 0 0 0 0 0 0
fl=???
fn=cvRescale
0 0 -104 0 0 0 0 0 0 0
fl=/home/kwoksun2/dengo/dengo-project-dengo-ed14369817a2/dengo_data_structure/Untitled Folder/serial_performance_grid/eqH2/final/new/new__solver.C
fn=new__interpolate_gamma(new__data*, int)
0 0 -9640 0 0 -4846 0 0 74 0
fl=???
fn=H5F_set_grp_btree_shared
0 0 0 0 0 0 0 0 0 0
fl=???
fn=H5T__conv_int_double
0 0 0 0 0 0 0 0 0 0
fl=???
fn=H5T(float, long double,...)(...)
0 0 0 0 0 0 0 0 0 0
fl=/build/eglibc-ripdx6/eglibc-2.19/string/../sysdeps/x86_64/multiarch/strcat-sse2-unaligned.S
fn=__strncat_sse2_unaligned
0 0 0 0 0 0 0 0 0 0
fl=/build/eglibc-ripdx6/eglibc-2.19/setjmp/../sysdeps/x86_64/setjmp.S
fn=__sigsetjmp
0 0 0 0 0 0 0 0 0 0
fl=???
fn=H5Z_term_interface
0 0 0 0 0 0 0 0 0 0
fl=???
fn=VLin1_Serial
0 0 -3618 0 0 634 0 0 0 0
fl=???
fn=H5HL_insert
0 0 0 0 0 0 0 0 0 0
fl=???
fn=H5T__conv_short_ldouble
0 0 0 0 0 0 0 0 0 0
fl=???
fn=H5Z_xform_noop
0 0 0 0 0 0 0 0 0 0
fl=???
fn=H5T__conv_uint_ldouble
0 0 0 0 0 0 0 0 0 0
fl=???
fn=H5FO_top_incr
0 0 0 0 0 -1 0 0 0 0
fl=???
fn=H5O_unpin
0 0 0 0 0 0 0 0 0 0
fl=???
fn=H5T__conv_double_int
0 0 0 0 0 0 0 0 0 0
fl=???
fn=H5F_mount_count_ids
0 0 0 0 0 0 0 0 0 0
fl=???
fn=cvUpperBoundH0
0 0 0 0 0 0 0 0 0 0
fl=/build/eglibc-ripdx6/eglibc-2.19/elf/dl-version.c
fn=_dl_check_map_versions
0 0 0 0 0 0 0 0 0 0
fl=???
fn=H5F_decr_nopen_objs
0 0 0 0 0 0 0 0 0 0
fl=???
fn=H5FS_close
0 0 0 0 0 0 0 0 0 0
fl=???
fn=H5D__contig_write
0 0 0 0 0 0 0 0 0 0
fl=???
fn=H5T__conv_ushort_ldouble
0 0 0 0 0 0 0 0 0 0
fl=/build/eglibc-ripdx6/eglibc-2.19/elf/../sysdeps/generic/dl-hash.h
fn=do_lookup_x
0 0 0 0 0 0 0 0 0 0
fl=/build/eglibc-ripdx6/eglibc-2.19/elf/dl-load.c
fn=_dl_map_object
0 0 0 0 0 0 0 0 0 0
fl=/build/eglibc-ripdx6/eglibc-2.19/math/../sysdeps/ieee754/dbl-64/wordsize-64/s_isnan.c
fn=isnan
0 0 0 0 0 0 0 0 0 0
fl=/build/eglibc-ripdx6/eglibc-2.19/io/../sysdeps/unix/sysv/linux/wordsize-64/xstat.c
fn=_xstat
0 0 0 0 0 0 0 0 0 0
fl=???
fn=H5G_nameof
0 0 0 0 0 0 0 0 0 0
fl=???
fn=H5T__conv_ushort_double
0 0 0 0 0 0 0 0 0 0
fl=???
fn=H5G_root_free
0 0 0 0 0 0 0 0 0 0
fl=???
fn=H5G__ent_to_link
0 0 0 0 0 0 0 0 0 0
fl=???
fn=H5T__conv_schar_short
0 0 0 0 0 0 0 0 0 0
fl=???
fn=H5D__layout_oh_write
0 0 0 0 0 0 0 0 0 0
fl=???
fn=H5FD_sb_size
0 0 0 0 0 0 0 0 0 0
fl=/build/eglibc-ripdx6/eglibc-2.19/stdlib/../sysdeps/x86_64/lshift.S
fn=__mpn_lshift
0 0 0 0 0 0 0 0 0 0
fl=???
fn=H5T_committed
0 0 0 0 0 0 0 0 0 0
fl=/build/eglibc-ripdx6/eglibc-2.19/stdlib/cmp.c
fn=__mpn_cmp
0 0 0 0 0 0 0 0 0 0
fl=???
fn=H5I_remove
0 0 0 0 0 0 0 0 0 0
fl=???
fn=H5O_alloc_msgs
0 0 0 0 0 -1 0 0 0 0
fl=/build/eglibc-ripdx6/eglibc-2.19/elf/rtld.c
fn=rtld_lock_default_unlock_recursive
0 0 0 0 0 0 0 0 0 0
fl=???
fn=cvDoErrorTest
0 0 20 0 0 0 0 0 0 0
fl=???
fn=H5T__conv_ldouble_float
0 0 0 0 0 0 0 0 0 0
fl=???
fn=H5T__conv_ushort_ullong
0 0 0 0 0 0 0 0 0 0
fl=/build/eglibc-ripdx6/eglibc-2.19/nptl/../sysdeps/unix/sysv/linux/x86_64/sigaction.c
fn=__libc_sigaction
0 0 0 0 0 0 0 0 0 0
fl=???
fn=H5T__conv_double_float
0 0 0 0 0 0 0 0 0 0
fl=/opt/conda/conda-bld/compilers_linux-64_1520532893746/work/.build/x86_64-conda_cos6-linux-gnu/build/build-cc-gcc-final/x86_64-conda_cos6-linux-gnu/libstdc++-v3/include/system_error
fn=std::_V2::error_category::~error_category()
0 0 0 0 0 0 0 0 0 0
fl=???
fn=H5FO_mark
0 0 0 0 0 0 0 0 0 0
fl=???
fn=H5Eget_auto2
0 0 0 0 0 0 0 0 0 0
fl=???
fn=H5O_fill_reset_dyn
0 0 0 0 0 0 0 0 0 0
fl=/home/kwoksun2/dengo/dengo-project-dengo-ed14369817a2/dengo_data_structure/Untitled Folder/serial_performance_grid/eqH2/final/new/new__solver.C
fn=new__interpolate_rates(new__data*, int)
0 0 -3039 0 0 33231 0 0 -4867 0
fl=???
fn=H5T__conv_llong_uchar
0 0 0 0 0 0 0 0 0 0
fl=???
fn=H5AC_pin_protected_entry
0 0 0 0 0 0 0 0 0 0
fl=???
fn=H5T__conv_ushort_schar
0 0 0 0 0 0 0 0 0 0
fl=/opt/conda/conda-bld/compilers_linux-64_1520532893746/work/.build/src/gcc-7.2.0/libstdc++-v3/src/c++98/parallel_settings.cc
fn=_GLOBAL__sub_I_parallel_settings.cc
0 0 0 0 0 0 0 0 0 0
fl=/build/eglibc-ripdx6/eglibc-2.19/malloc/malloc.c
fn=free
0 0 0 0 0 0 0 0 0 0
fl=???
fn=H5S_select_copy
0 0 0 0 0 0 0 0 0 0
fl=???
fn=H5T__conv_uint_float
0 0 0 0 0 0 0 0 0 0
fl=/build/eglibc-ripdx6/eglibc-2.19/misc/init-misc.c
fn=__init_misc
0 0 0 0 0 0 0 0 0 0
fl=???
fn=H5T__conv_long_ldouble
0 0 0 0 0 0 0 0 0 0
fl=???
fn=H5C_stats__reset
0 0 0 0 0 0 0 0 0 0
fl=???
fn=H5T__conv_short_ushort
0 0 0 0 0 0 0 0 0 0
fl=???
fn=N_VMaxNorm
0 0 0 0 0 0 0 0 0 0
fl=/build/eglibc-ripdx6/eglibc-2.19/malloc/malloc.c
fn=_int_realloc
0 0 0 0 0 0 0 0 0 0
fl=???
fn=cvDlsInitialize
0 0 0 0 0 0 0 0 0 0
fl=???
fn=H5Sclose
0 0 0 0 0 0 0 0 0 0
fl=/build/eglibc-ripdx6/eglibc-2.19/time/../sysdeps/unix/sysv/linux/x86_64/time.c
fn=time
0 0 0 0 0 0 0 0 0 0
fl=/opt/conda/conda-bld/compilers_linux-64_1520532893746/work/.build/x86_64-conda_cos6-linux-gnu/build/build-cc-gcc-final/x86_64-conda_cos6-linux-gnu/libstdc++-v3/include/parallel/settings.h
fn=_GLOBAL__sub_I_parallel_settings.cc
0 0 0 0 0 0 0 0 0 0
fl=???
fn=H5T__conv_uchar_llong
0 0 0 0 0 0 0 0 0 0
fl=/build/eglibc-ripdx6/eglibc-2.19/nptl/forward.c
fn=pthread_mutex_init
0 0 0 0 0 0 0 0 0 0
fl=???
fn=H5FL_fac_free
0 0 0 0 0 1 0 0 0 0
fl=???
fn=H5F_accum_read
0 0 0 0 0 0 0 0 10 0
fl=/build/eglibc-ripdx6/eglibc-2.19/string/../sysdeps/x86_64/multiarch/../strchr.S
fn=index
0 0 0 0 0 0 0 0 0 0
fl=/build/eglibc-ripdx6/eglibc-2.19/math/../sysdeps/ieee754/dbl-64/wordsize-64/s_isinf.c
fn=isinf
0 0 0 0 0 0 0 0 0 0
fl=/opt/conda/conda-bld/compilers_linux-64_1520532893746/work/.build/x86_64-conda_cos6-linux-gnu/build/build-cc-gcc-final/x86_64-conda_cos6-linux-gnu/libstdc++-v3/include/bits/locale_classes.h
fn=_GLOBAL__sub_I_cxx11_locale_inst.cc
0 0 0 0 0 0 0 0 0 0
fl=???
fn=H5G_loc
0 0 0 0 0 0 0 0 0 0
fl=???
fn=H5O_msg_write_oh
0 0 0 0 0 0 0 0 0 0
fl=/build/eglibc-ripdx6/eglibc-2.19/elf/dl-error.c
fn=_dl_receive_error
0 0 0 0 0 0 0 0 0 0
fl=???
fn=H5FD_alloc_real
0 0 0 0 0 0 0 0 0 0
fl=???
fn=H5T__conv_uchar_int
0 0 0 0 0 0 0 0 0 0
fl=/opt/conda/conda-bld/compilers_linux-64_1520532893746/work/.build/src/gcc-7.2.0/libstdc++-v3/src/c++98/bitmap_allocator.cc
fn=_GLOBAL__sub_I_bitmap_allocator.cc
0 0 0 0 0 0 0 0 0 0
fl=???
fn=H5_init_library
0 0 0 0 0 0 0 0 0 0
fl=???
fn=H5O_msg_is_shared
0 0 0 0 0 0 0 0 0 0
fl=???
fn=H5T__conv_schar_ldouble
0 0 0 0 0 0 0 0 0 0
fl=/build/eglibc-ripdx6/eglibc-2.19/elf/dl-minimal.c
fn=free
0 0 0 0 0 0 0 0 0 0
fl=???
fn=H5T_get_class
0 0 0 0 0 0 0 0 0 0
fl=???
fn=H5T__conv_int_uint
0 0 0 0 0 0 0 0 0 0
fl=???
fn=H5T__conv_uchar_double
0 0 0 0 0 0 0 0 0 0
fl=???
fn=H5T__conv_schar_float
0 0 0 0 0 0 0 0 0 0
fl=/build/eglibc-ripdx6/eglibc-2.19/math/../sysdeps/x86_64/fpu/multiarch/s_sin.c
fn=sin
0 0 0 0 0 0 0 0 0 0
fl=???
fn=H5MF_alloc
0 0 0 0 0 0 0 0 0 0
fl=???
fn=H5S_extent_release
0 0 0 0 0 0 0 0 0 0
fl=/build/eglibc-ripdx6/eglibc-2.19/elf/dl-load.c
fn=_dl_dst_substitute
0 0 0 0 0 0 0 0 0 0
fl=???
fn=H5T__conv_double_ushort
0 0 0 0 0 0 0 0 0 0
fl=???
fn=H5D__layout_oh_read
0 0 0 0 0 0 0 0 0 0
fl=/build/eglibc-ripdx6/eglibc-2.19/stdio-common/../include/rounding-mode.h
fn=__printf_fp
0 0 0 0 0 0 0 0 0 0
fl=???
fn=H5C_reset_cache_hit_rate_stats
0 0 0 0 0 0 0 0 0 0
fl=/build/eglibc-ripdx6/eglibc-2.19/nptl/forward.c
fn=pthread_cond_init@@GLIBC_2.3.2
0 0 0 0 0 0 0 0 0 0
fl=???
fn=H5C_create
0 0 0 0 0 0 0 0 0 0
fl=???
fn=H5FD_get_base_addr
0 0 0 0 0 0 0 0 0 0
fl=/build/eglibc-ripdx6/eglibc-2.19/stdlib/msort.c
fn=qsort
0 0 0 0 0 0 0 0 0 0
fl=???
fn=cvDlsSolve
0 0 16160 1 0 2690 0 0 0 0
fl=???
fn=H5D__alloc_storage
0 0 0 0 0 0 0 0 0 0
fl=???
fn=H5T__conv_ldouble_short
0 0 0 0 0 0 0 0 0 0
fl=/build/eglibc-ripdx6/eglibc-2.19/nptl/../nptl/sysdeps/pthread/list.h
fn=__pthread_initialize_minimal
0 0 0 0 0 0 0 0 0 0
fl=/build/eglibc-ripdx6/eglibc-2.19/elf/dl-version.c
fn=_dl_check_all_versions
0 0 0 0 0 0 0 0 0 0
fl=???
fn=H5Dget_space
0 0 0 0 0 0 0 0 0 0
fl=/build/eglibc-ripdx6/eglibc-2.19/elf/get-dynamic-info.h
fn=_dl_start
0 0 0 0 0 0 0 0 0 0
fl=???
fn=H5FS_decr
0 0 0 0 0 0 0 0 0 0
fl=???
fn=SUNMatClone
0 0 1 1 0 0 0 0 0 0
fl=???
fn=H5T_is_sensible
0 0 0 0 0 0 0 0 0 0
fl=???
fn=H5_hash_string
0 0 0 0 0 2 0 0 0 0
fl=???
fn=H5T__conv_ullong_schar
0 0 0 0 0 0 0 0 0 0
fl=/build/eglibc-ripdx6/eglibc-2.19/elf/dl-load.c
fn=open_verify.constprop.6
0 0 0 0 0 0 0 0 0 0
fl=/build/eglibc-ripdx6/eglibc-2.19/elf/rtld.c
fn=rtld_lock_default_lock_recursive
0 0 0 0 0 0 0 0 0 0
fl=???
fn=H5T__conv_float_uchar
0 0 0 0 0 0 0 0 0 0
fl=/build/eglibc-ripdx6/eglibc-2.19/libio/strops.c
fn=_IO_str_init_static_internal
0 0 0 0 0 0 0 0 0 0
fl=???
fn=H5T__conv_uint_double
0 0 0 0 0 0 0 0 0 0
fl=???
fn=SUNMatScaleAddI
0 0 -4034 -1 0 0 0 0 0 0
fl=/build/eglibc-ripdx6/eglibc-2.19/elf/dl-version.c
fn=match_symbol
0 0 0 0 0 0 0 0 0 0
fl=???
fn=H5SL_remove
0 0 0 0 0 0 0 0 0 0
fl=/home/kwoksun2/dengo/dengo-project-dengo-ed14369817a2/dengo_data_structure/Untitled Folder/serial_performance_grid/eqH2/final/new/new__solver.C
fn=new__calculate_temperature(new__data*, double*, int, int)
0 -40143 40259 1 120429 -99 0 120429 0 0
fl=/build/eglibc-ripdx6/eglibc-2.19/string/../sysdeps/x86_64/multiarch/strcpy-sse2-unaligned.S
fn=__strncat_sse2_unaligned
0 0 0 0 0 0 0 0 0 0
fl=/build/eglibc-ripdx6/eglibc-2.19/stdio-common/_itoa.c
fn=_itoa_word
0 0 0 0 0 0 0 0 0 0
fl=???
fn=cvAdjustOrder
0 0 168 1 0 0 0 0 0 0
fl=???
fn=H5O_attr_reset
0 0 0 0 0 0 0 0 0 0
fl=???
fn=H5T_path_noop
0 0 0 0 0 0 0 0 0 0
fl=???
fn=H5T__conv_ullong_uint
0 0 0 0 0 0 0 0 0 0
fl=???
fn=H5T__conv_long_float
0 0 0 0 0 0 0 0 0 0
fl=/build/eglibc-ripdx6/eglibc-2.19/math/../sysdeps/x86_64/fpu/s_fmax.S
fn=fmax
0 0 11830 0 0 0 0 0 0 0
fl=???
fn=H5FD_family_term
0 0 0 0 0 0 0 0 0 0
fl=???
fn=H5I_inc_ref
0 0 0 0 0 0 0 0 0 0
fl=???
fn=H5O_obj_class
0 0 0 0 0 0 0 0 0 0
fl=???
fn=N_VDiv
0 0 0 1 0 0 0 0 0 0
fl=/build/eglibc-ripdx6/eglibc-2.19/string/../sysdeps/x86_64/multiarch/strcmp.S
fn=strcasecmp
0 0 0 0 0 0 0 0 0 0
fl=/build/eglibc-ripdx6/eglibc-2.19/stdio-common/vfprintf.c
fn=buffered_vfprintf
0 0 0 0 0 0 0 0 0 0
fl=???
fn=H5S_get_simple_extent_ndims
0 0 0 0 0 0 0 0 0 0
fl=/build/eglibc-ripdx6/eglibc-2.19/math/../sysdeps/x86_64/fpu/multiarch/e_asin.c
fn=__asin_finite
0 0 0 0 0 0 0 0 0 0
fl=???
fn=H5check_version
0 0 0 0 0 0 0 0 0 0
fl=???
fn=N_VMaxNorm_Serial
0 0 0 0 0 0 0 0 0 0
fl=???
fn=cvNewtonIteration
0 0 58784 0 0 0 1 0 20 0
fl=???
fn=H5T__conv_int_ushort
0 0 0 0 0 0 0 0 0 0
fl=???
fn=H5FO_marked
0 0 0 0 0 0 0 0 0 0
fl=???
fn=H5T__conv_short_int
0 0 0 0 0 0 0 0 0 0
fl=/build/eglibc-ripdx6/eglibc-2.19/math/../sysdeps/x86_64/fpu/multiarch/e_atan2.c
fn=__atan2_finite
0 0 0 0 0 0 0 0 0 0
fl=/build/eglibc-ripdx6/eglibc-2.19/math/../sysdeps/x86_64/fpu/multiarch/s_rint.S
fn=rint
0 0 0 0 0 0 0 0 0 0
fl=???
fn=H5D__mark
0 0 0 0 0 0 0 0 0 0
fl=???
fn=H5D__select_read
0 0 0 0 0 0 0 0 0 0
fl=???
fn=H5FL_blk_malloc
0 0 0 0 0 -1 0 0 0 0
fl=/build/eglibc-ripdx6/eglibc-2.19/io/../sysdeps/unix/sysv/linux/wordsize-64/fxstat.c
fn=_fxstat
0 0 0 0 0 0 0 0 0 0
fl=/build/eglibc-ripdx6/eglibc-2.19/libio/fileops.c
fn=_IO_file_overflow@@GLIBC_2.2.5
0 0 1 0 0 0 0 0 0 0
fl=???
fn=H5O_create
0 0 0 0 0 -1 0 0 0 0
fl=/build/eglibc-ripdx6/eglibc-2.19/elf/dl-tls.c
fn=__tls_get_addr
0 0 0 0 0 0 0 0 0 0
fl=???
fn=H5F_super_dirty
0 0 0 0 0 0 0 0 0 0
fl=???
fn=H5O_msg_exists_oh
0 0 0 0 0 0 0 0 0 0
fl=???
fn=H5AC_insert_entry
0 0 0 0 0 0 0 0 0 0
fl=???
fn=N_VLinearSum_Serial
0 0 -28631 1 0 1609 0 0 0 0
fl=/build/eglibc-ripdx6/eglibc-2.19/posix/../sysdeps/unix/sysv/linux/_exit.c
fn=_Exit
0 0 0 0 0 0 0 0 0 0
fl=???
fn=H5T__conv_ldouble_ushort
0 0 0 0 0 0 0 0 0 0
fl=???
fn=cvHandleNFlag
0 0 0 0 0 0 0 0 0 0
fl=/build/eglibc-ripdx6/eglibc-2.19/nptl/forward.c
fn=pthread_setcancelstate
0 0 0 0 0 0 0 0 0 0
fl=/build/eglibc-ripdx6/eglibc-2.19/elf/dl-fini.c
fn=_dl_fini
0 0 0 0 0 0 0 0 0 0
fl=???
fn=H5FL_seq_free
0 0 0 0 0 0 0 0 0 0
fl=???
fn=SUNLinSolInitialize
0 0 2 1 0 0 0 0 0 0
fl=???
fn=H5MF_aggr_can_absorb
0 0 0 0 0 0 0 0 0 0
fl=???
fn=denseGETRF
0 0 1889 0 0 0 0 0 6 0
fl=???
fn=H5I_object_verify
0 0 0 0 0 0 0 0 0 0
fl=???
fn=H5A_get_info
0 0 0 0 0 0 0 0 0 0
fl=???
fn=SUNLinSolSolve_Dense
0 0 5145 1 0 26 0 0 0 0
fl=???
fn=cvSetTqBDF
0 0 3726 0 0 0 0 0 0 0
fl=???
fn=H5MF_free_aggrs
0 0 0 0 0 0 0 0 0 0
fl=???
fn=H5L_register
0 0 0 0 0 0 0 0 0 0
fl=???
fn=cvEwtSetSV
0 0 5252 1 0 0 0 0 0 0
fl=???
fn=H5T__conv_ulong_double
0 0 0 0 0 0 0 0 0 0
fl=???
fn=H5G__stab_lookup
0 0 0 0 0 2 0 0 0 0
fl=???
fn=H5T__conv_schar_uint
0 0 0 0 0 0 0 0 0 0
fl=???
fn=H5R_term_interface
0 0 0 0 0 0 0 0 0 0
fl=???
fn=H5FD_core_term
0 0 0 0 0 0 0 0 0 0
fl=/opt/conda/conda-bld/compilers_linux-64_1520532893746/work/.build/src/gcc-7.2.0/libstdc++-v3/src/c++11/compatibility-c++0x.cc
fn=std::error_category::~error_category()
0 0 0 0 0 0 0 0 0 0
fl=???
fn=H5G_ent_decode
0 0 0 0 0 0 0 0 0 0
fl=???
fn=H5T__conv_ldouble_schar
0 0 0 0 0 0 0 0 0 0
fl=/build/eglibc-ripdx6/eglibc-2.19/io/../sysdeps/unix/sysv/linux/wordsize-64/lxstat.c
fn=_lxstat
0 0 0 0 0 0 0 0 0 0
fl=/build/eglibc-ripdx6/eglibc-2.19/elf/../sysdeps/x86_64/dl-trampoline.S
fn=_dl_runtime_resolve
0 0 0 0 0 0 0 0 0 0
fl=/build/eglibc-ripdx6/eglibc-2.19/math/../sysdeps/i386/fpu/fenv_private.h
fn=__ieee754_pow_sse2
0 0 1566 0 0 0 0 0 0 0
fl=???
fn=cvComputeEtaqm1
0 0 983 -1 0 0 0 0 0 0
fl=???
fn=H5D__layout_meta_size
0 0 0 0 0 0 0 0 0 0
fl=???
fn=H5T__conv_ulong_float
0 0 0 0 0 0 0 0 0 0
fl=???
fn=H5T__conv_ldouble_double
0 0 0 0 0 0 0 0 0 0
fl=/build/eglibc-ripdx6/eglibc-2.19/string/../string/memmove.c
fn=memmove
0 0 0 0 0 0 0 0 0 0
fl=/build/eglibc-ripdx6/eglibc-2.19/nptl/forward.c
fn=pthread_cond_signal@@GLIBC_2.3.2
0 0 0 0 0 0 0 0 0 0
fl=???
fn=H5T_init
0 0 0 0 0 0 0 0 0 0
fl=???
fn=H5S_select_shape_same
0 0 0 0 0 -4 0 0 0 0
fl=???
fn=H5O_touch_oh
0 0 0 0 0 1 0 0 0 0
fl=???
fn=H5F_super_read
0 0 0 0 0 0 0 0 0 0
fl=???
fn=H5A_copy
0 0 0 0 0 0 0 0 0 0
fl=???
fn=H5F_incr_nopen_objs
0 0 0 0 0 0 0 0 0 0
fl=???
fn=N_VDotProd
0 0 0 0 0 0 0 0 0 0
fl=???
fn=H5G_loc_reset
0 0 0 0 0 0 0 0 0 0
fl=???
fn=H5Eauto_is_v2
0 0 0 0 0 0 0 0 0 0
fl=???
fn=H5T__conv_uchar_schar
0 0 0 0 0 0 0 0 0 0
fl=???
fn=H5T_cmp
0 0 0 0 0 0 0 0 0 0
fl=???
fn=???
0 0 8481 1 0 -526 0 0 -15 0
fl=???
fn=SUNDenseMatrix_Rows
0 0 0 0 0 0 0 0 0 0
fl=/opt/conda/conda-bld/compilers_linux-64_1520532893746/work/.build/x86_64-conda_cos6-linux-gnu/build/build-cc-gcc-final/gcc/include/cpuid.h
fn=__cpu_indicator_init@GCC_4.8.0
0 0 0 0 0 0 0 0 0 0
fl=/build/eglibc-ripdx6/eglibc-2.19/posix/../sysdeps/unix/syscall-template.S
fn=uname
0 0 0 0 0 0 0 0 0 0
fl=???
fn=H5T__conv_int_ullong
0 0 0 0 0 0 0 0 0 0
fl=/build/eglibc-ripdx6/eglibc-2.19/string/../sysdeps/x86_64/memcpy.S
fn=mempcpy
0 0 0 0 0 0 0 0 0 0
fl=???
fn=H5O_link_oh
0 0 0 0 0 0 0 0 0 0
fl=???
fn=CVodeSetStabLimDet
0 0 1 1 0 0 0 0 0 0
fl=???
fn=H5T__conv_int_llong
0 0 0 0 0 0 0 0 0 0
fl=???
fn=H5G_rootof
0 0 0 0 0 0 0 0 0 0
fl=???
fn=H5F_addr_encode
0 0 0 0 0 0 0 0 0 0
fl=???
fn=H5I_get_type
0 0 0 0 0 0 0 0 0 0
fl=???
fn=H5SL_next
0 0 0 0 0 1 0 0 0 0
fl=???
fn=H5C_set_cache_auto_resize_config
0 0 0 0 0 0 0 0 0 0
fl=???
fn=H5HL_dblk_dest
0 0 0 0 0 0 0 0 0 0
fl=???
fn=H5G_name_free
0 0 0 0 0 0 0 0 0 0
fl=/build/eglibc-ripdx6/eglibc-2.19/elf/dl-object.c
fn=_dl_new_object
0 0 0 0 0 0 0 0 0 0
fl=???
fn=H5O_attr_write
0 0 0 0 0 0 0 0 0 0
fl=/build/eglibc-ripdx6/eglibc-2.19/stdio-common/printf_fp.c
fn=hack_digit.13665
0 0 0 0 0 0 0 0 0 0
fl=/build/eglibc-ripdx6/eglibc-2.19/stdlib/divrem.c
fn=__mpn_divrem
0 0 0 0 0 0 0 0 0 0
fl=/build/eglibc-ripdx6/eglibc-2.19/elf/dl-cache.c
fn=_dl_load_cache_lookup
0 0 0 0 0 0 0 0 0 0
fl=???
fn=H5FO_delete
0 0 0 0 0 0 0 0 0 0
fl=/build/eglibc-ripdx6/eglibc-2.19/elf/dl-addr.c
fn=_dl_addr
0 0 0 0 0 0 0 0 0 0
fl=/build/eglibc-ripdx6/eglibc-2.19/libio/iopadn.c
fn=_IO_padn
0 0 0 0 0 0 0 0 0 0
fl=???
fn=H5F_Kvalue
0 0 0 0 0 0 0 0 0 0
fl=???
fn=H5F_get_nopen_objs
0 0 0 0 0 0 0 0 0 0
fl=???
fn=H5D__create
0 0 0 0 0 0 0 0 0 0
fl=???
fn=H5E_term_interface
0 0 0 0 0 0 0 0 0 0
fl=???
fn=H5T__conv_long_double
0 0 0 0 0 0 0 0 0 0
fl=/build/eglibc-ripdx6/eglibc-2.19/math/w_sqrt.c
fn=sqrt
0 0 8761 0 0 0 0 0 0 0
fl=???
fn=H5F_locate_signature
0 0 0 0 0 0 0 0 0 0
fl=/build/eglibc-ripdx6/eglibc-2.19/math/../sysdeps/ieee754/dbl-64/wordsize-64/math_private.h
fn=pow
0 0 0 0 0 0 0 0 0 0
fl=/build/eglibc-ripdx6/eglibc-2.19/elf/dl-tls.c
fn=_dl_allocate_tls_storage
0 0 0 0 0 0 0 0 0 0
fl=???
fn=H5MF_aggrs_try_shrink_eoa
0 0 0 0 0 0 0 0 0 0
fl=/opt/conda/conda-bld/compilers_linux-64_1520532893746/work/.build/src/gcc-7.2.0/libstdc++-v3/src/c++11/locale-inst.cc
fn=_GLOBAL__sub_I_cxx11_wlocale_inst.cc
0 0 0 0 0 0 0 0 0 0
fl=/build/eglibc-ripdx6/eglibc-2.19/math/../sysdeps/x86_64/fpu/multiarch/s_ceil.S
fn=ceil
0 0 0 0 0 0 0 0 0 0
fl=/build/eglibc-ripdx6/eglibc-2.19/elf/dl-reloc.c
fn=_dl_relocate_object
0 0 0 0 0 0 0 0 0 0
fl=/build/eglibc-ripdx6/eglibc-2.19/string/../sysdeps/x86_64/strrchr.S
fn=rindex
0 0 0 0 0 0 0 0 0 0
fl=???
fn=H5G__ent_convert
0 0 0 0 0 0 0 0 0 0
fl=???
fn=H5F_accum_write
0 0 0 0 0 0 0 0 0 0
fl=???
fn=cvAdjustBDF
0 0 34 0 0 0 0 0 0 0
fl=???
fn=H5T__conv_double_schar
0 0 0 0 0 0 0 0 0 0
fl=/build/eglibc-ripdx6/eglibc-2.19/string/../sysdeps/x86_64/multiarch/../strcmp.S
fn=__strcmp_ssse3
0 0 0 0 0 0 0 0 0 0
fl=???
fn=H5FS_incr
0 0 0 0 0 0 0 0 0 0
fl=/build/eglibc-ripdx6/eglibc-2.19/libio/libioP.h
fn=fwrite
0 0 0 0 0 0 0 0 0 0
fl=/build/eglibc-ripdx6/eglibc-2.19/elf/dl-fini.c
fn=_dl_sort_fini
0 0 0 0 0 0 0 0 0 0
fl=???
fn=H5FS_sect_try_shrink_eoa
0 0 0 0 0 0 0 0 0 0
fl=???
fn=H5_build_extpath
0 0 0 0 0 1 0 0 0 0
fl=???
fn=SUNRabs
0 0 -1 0 0 5899 1 0 0 0
fl=???
fn=H5SL_last
0 0 0 0 0 0 0 0 0 0
fl=???
fn=CVodeReInit
0 0 0 0 0 0 0 0 0 0
fl=???
fn=H5T_lock
0 0 0 0 0 0 0 0 0 0
fl=???
fn=H5S_copy
0 0 0 0 0 0 0 0 0 0
fl=???
fn=H5T__conv_schar_ushort
0 0 0 0 0 0 0 0 0 0
fl=???
fn=H5F_term_interface
0 0 0 0 0 0 0 0 0 0
fl=???
fn=H5L_register_external
0 0 0 0 0 0 0 0 0 0
fl=/build/eglibc-ripdx6/eglibc-2.19/string/../sysdeps/x86_64/multiarch/strcat.S
fn=strncat
0 0 0 0 0 0 0 0 0 0
fl=???
fn=H5T__conv_uint_ullong
0 0 0 0 0 0 0 0 0 0
fl=???
fn=H5FD_try_extend
0 0 0 0 0 0 0 0 0 0
fl=???
fn=H5T__conv_ldouble_uchar
0 0 0 0 0 0 0 0 0 0
fl=???
fn=H5FS_create
0 0 0 0 0 0 0 0 0 0
fl=???
fn=H5FD_truncate
0 0 0 0 0 0 0 0 0 0
fl=/build/eglibc-ripdx6/eglibc-2.19/string/../sysdeps/x86_64/strchr.S
fn=strchrnul
0 0 0 0 0 7 9 0 0 0
fl=/build/eglibc-ripdx6/eglibc-2.19/elf/rtld.c
fn=version_check_doit
0 0 0 0 0 0 0 0 0 0
fl=???
fn=H5T__conv_float_ushort
0 0 0 0 0 0 0 0 0 0
fl=/build/eglibc-ripdx6/eglibc-2.19/io/../sysdeps/unix/syscall-template.S
fn=__open_nocancel
0 0 0 0 0 0 0 0 0 0
fl=???
fn=H5F_addr_decode
0 0 0 0 0 0 0 0 0 0
fl=???
fn=H5F_sizeof_addr
0 0 0 0 0 0 0 0 0 0
fl=???
fn=H5MF_sect_simple_new
0 0 0 0 0 0 0 0 0 0
fl=???
fn=SUNDenseMatrix_Cols
0 0 1392 -1 0 0 0 0 0 0
fl=/build/eglibc-ripdx6/eglibc-2.19/stdio-common/printf-parse.h
fn=read_int
0 0 0 0 0 0 0 0 0 0
fl=???
fn=H5O_open_name
0 0 0 0 0 0 0 0 0 0
fl=???
fn=H5F_flush
0 0 0 0 0 0 0 0 0 0
fl=???
fn=H5D_term_interface
0 0 0 0 0 0 0 0 0 0
fl=???
fn=H5F_sfile_assert_num
0 0 0 0 0 0 0 0 0 0
fl=???
fn=H5D__flush_real
0 0 0 0 0 0 0 0 0 0
fl=???
fn=H5F_close_mounts
0 0 0 0 0 0 0 0 0 0
fl=???
fn=H5F_accum_reset
0 0 0 0 0 0 0 0 0 0
fl=???
fn=H5Fcreate
0 0 0 0 0 0 0 0 0 0
fl=???
fn=H5SL_close
0 0 0 0 0 0 0 0 0 0
fl=/build/eglibc-ripdx6/eglibc-2.19/elf/dl-lookup.c
fn=check_match.9481
0 0 -2 0 0 0 0 0 0 0
fl=/build/eglibc-ripdx6/eglibc-2.19/misc/../sysdeps/unix/syscall-template.S
fn=lseek
0 0 0 0 0 0 0 0 0 0
fl=???
fn=H5FS_sect_try_extend
0 0 0 0 0 0 0 0 0 0
fl=???
fn=H5D__select_write
0 0 0 0 0 0 0 0 0 0
fl=???
fn=CVode
0 0 6036 -1 0 0 0 0 0 0
fl=???
fn=CVodeSetUserData
0 0 0 0 0 0 0 0 0 0
fl=???
fn=H5Dclose
0 0 0 0 0 0 0 0 0 0
fl=???
fn=H5HL_new
0 0 0 0 0 0 0 0 0 0
fl=???
fn=H5_now
0 0 0 0 0 0 0 0 0 0
fl=???
fn=H5D__flush_sieve_buf
0 0 0 0 0 0 0 0 0 0
fl=/build/eglibc-ripdx6/eglibc-2.19/elf/dl-object.c
fn=_dl_add_to_namespace_list
0 0 0 0 0 0 0 0 0 0
fl=???
fn=H5_term_library
0 0 0 0 0 0 0 0 0 0
fl=???
fn=H5G_build_fullpath_refstr_str
0 0 0 0 0 0 0 0 0 0
fl=???
fn=H5Awrite
0 0 0 0 0 0 0 0 0 0
fl=???
fn=H5AC_unprotect
0 0 0 0 0 0 0 0 0 0
fl=???
fn=H5E_init
0 0 0 0 0 0 0 0 0 0
fl=???
fn=H5T__conv_schar_ullong
0 0 0 0 0 0 0 0 0 0
fl=???
fn=H5WB_wrap
0 0 0 0 0 0 0 0 0 0
fl=???
fn=H5B_create
0 0 0 0 0 0 0 0 0 0
fl=???
fn=H5T__conv_short_uint
0 0 0 0 0 0 0 0 0 0
fl=???
fn=H5SL_below
0 0 0 0 0 0 0 0 0 0
fl=/build/eglibc-ripdx6/eglibc-2.19/io/../sysdeps/unix/syscall-template.S
fn=__read_nocancel
0 0 0 0 0 0 0 0 0 0
fl=/build/eglibc-ripdx6/eglibc-2.19/malloc/arena.c
fn=malloc_hook_ini
0 0 0 0 0 0 0 0 0 0
fl=/build/eglibc-ripdx6/eglibc-2.19/elf/dl-tls.c
fn=_dl_get_tls_static_info
0 0 0 0 0 0 0 0 0 0
fl=/build/eglibc-ripdx6/eglibc-2.19/dlfcn/dlerror.c
fn=fini
0 0 0 0 0 0 0 0 0 0
fl=/build/eglibc-ripdx6/eglibc-2.19/libio/genops.c
fn=_IO_setb
0 0 0 0 0 0 0 0 0 0
fl=/opt/conda/conda-bld/compilers_linux-64_1520532893746/work/.build/src/gcc-7.2.0/libstdc++-v3/src/c++11/compatibility-thread-c++0x.cc
fn=_GLOBAL__sub_I_compatibility_thread_c__0x.cc
0 0 0 0 0 0 0 0 0 0
fl=???
fn=H5G_term_interface
0 0 0 0 0 0 0 0 0 0
fl=???
fn=H5FD_alloc
0 0 0 0 0 0 0 0 0 0
fl=/build/eglibc-ripdx6/eglibc-2.19/elf/../sysdeps/x86_64/dl-machine.h
fn=_dl_fixup
0 0 0 0 0 0 0 0 0 0
fl=???
fn=H5D_close
0 0 0 0 0 0 0 0 0 0
fl=???
fn=H5O_msg_read
0 0 0 0 0 0 0 0 0 0
fl=???
fn=H5L_term_interface
0 0 0 0 0 0 0 0 0 0
fl=???
fn=SUNMatGetID
0 0 -5056 0 0 0 0 0 0 0
fl=???
fn=H5TS_mutex_lock
0 0 0 0 0 0 0 0 0 0
fl=???
fn=H5T_is_relocatable
0 0 0 0 0 0 0 0 0 0
fl=???
fn=H5T__vlen_set_loc
0 0 0 0 0 0 0 0 0 0
fl=/build/eglibc-ripdx6/eglibc-2.19/io/../sysdeps/unix/syscall-template.S
fn=access
0 0 0 0 0 0 0 0 0 0
fl=/home/kwoksun2/dengo/dengo-project-dengo-ed14369817a2/dengo_data_structure/Untitled Folder/serial_performance_grid/eqH2/final/new/initialize_cvode_solver.C
fn=check_flag(void*, char const*, int)
0 0 0 0 0 0 0 0 0 0
fl=???
fn=H5D_nameof
0 0 0 0 0 0 0 0 0 0
fl=???
fn=H5Tclose
0 0 0 0 0 0 0 0 0 0
fl=/build/eglibc-ripdx6/eglibc-2.19/malloc/arena.c
fn=ptmalloc_init.part.7
0 0 0 0 0 0 0 0 0 0
fl=/build/eglibc-ripdx6/eglibc-2.19/nptl/forward.c
fn=pthread_mutex_unlock
0 0 0 0 0 0 0 0 0 0
fl=/opt/conda/conda-bld/compilers_linux-64_1520532893746/work/.build/src/gcc-7.2.0/libstdc++-v3/src/c++11/future.cc
fn=std::future_category()
0 0 0 0 0 0 0 0 0 0
fl=???
fn=H5FD_fapl_close
0 0 0 0 0 0 0 0 0 0
fl=???
fn=H5F_addr_decode_len
0 0 0 0 0 0 0 0 0 0
fl=???
fn=H5RS_get_str
0 0 0 0 0 0 0 0 0 0
fl=/build/eglibc-ripdx6/eglibc-2.19/math/../sysdeps/x86_64/fpu/multiarch/s_floorf.S
fn=floorf
0 0 0 0 0 0 0 0 0 0
fl=/build/eglibc-ripdx6/eglibc-2.19/math/../sysdeps/x86_64/fpu/math_private.h
fn=sqrt
0 0 0 0 0 0 0 0 0 0
fl=/build/eglibc-ripdx6/eglibc-2.19/misc/../sysdeps/unix/syscall-template.S
fn=__lseek_nocancel
0 0 0 0 0 0 0 0 0 0
fl=/opt/conda/conda-bld/compilers_linux-64_1520532893746/work/.build/src/gcc-7.2.0/libstdc++-v3/src/c++11/system_error.cc
fn=(anonymous namespace)::system_error_category::~system_error_category()
0 0 0 0 0 0 0 0 0 0
fl=???
fn=H5S_create_simple
0 0 0 0 0 0 0 0 0 0
fl=???
fn=H5F_super_init
0 0 0 0 0 0 0 0 0 0
fl=/build/eglibc-ripdx6/eglibc-2.19/elf/../sysdeps/x86_64/dl-irel.h
fn=_dl_fixup
0 0 0 0 0 0 0 0 0 0
fl=???
fn=H5G_mkroot
0 0 0 0 0 0 0 0 0 0
fl=???
fn=H5AC_term_interface
0 0 0 0 0 0 0 0 0 0
fl=/build/eglibc-ripdx6/eglibc-2.19/elf/dl-load.c
fn=decompose_rpath
0 0 0 0 0 0 0 0 0 0
fl=???
fn=H5AC_dest
0 0 0 0 0 0 0 0 0 0
fl=???
fn=H5FL_fac_malloc
0 0 0 0 0 2 0 0 0 0
fl=/home/kwoksun2/dengo/dengo-project-dengo-ed14369817a2/dengo_data_structure/Untitled Folder/serial_performance_grid/eqH2/final/new/initialize_cvode_solver.C
fn=cvode_solver(void*, double*, int, double*, new__data*, _generic_N_Vector*, double, _generic_N_Vector*)
0 0 0 0 0 0 0 0 0 0
fl=/build/eglibc-ripdx6/eglibc-2.19/elf/dl-altinit.c
fn=dlinit_alt
0 0 0 0 0 0 0 0 0 0
fl=???
fn=H5S_select_iter_init
0 0 0 0 0 0 0 0 0 0
fl=/build/eglibc-ripdx6/eglibc-2.19/string/../sysdeps/x86_64/multiarch/memmove.c
fn=memcpy@GLIBC_2.2.5
0 0 0 0 0 0 0 0 0 0
fl=???
fn=H5T_is_immutable
0 0 0 0 0 0 0 0 0 0
fl=/build/eglibc-ripdx6/eglibc-2.19/nptl/pthread_setcancelstate.c
fn=pthread_setcancelstate
0 0 0 0 0 0 0 0 0 0
fl=???
fn=H5T__conv_uchar_short
0 0 0 0 0 0 0 0 0 0
fl=???
fn=H5T__conv_uint_uchar
0 0 0 0 0 0 0 0 0 0
fl=/build/eglibc-ripdx6/eglibc-2.19/elf/dl-tls.c
fn=_dl_allocate_tls_init
0 0 0 0 0 0 0 0 0 0
fl=???
fn=H5F_accum_flush
0 0 0 0 0 0 0 0 0 0
fl=???
fn=H5T__conv_float_double
0 0 0 0 0 0 0 0 0 0
fl=???
fn=H5O_unprotect
0 0 0 0 0 0 0 0 0 0
fl=???
fn=SUNLinSolInitialize_Dense
0 0 0 0 0 0 0 0 0 0
fl=???
fn=H5T__conv_uint_int
0 0 0 0 0 0 0 0 0 0
fl=???
fn=H5T_patch_file
0 0 0 0 0 0 0 0 0 0
fl=???
fn=H5G__ent_reset
0 0 0 0 0 0 0 0 0 0
fl=???
fn=H5FS_sinfo_dest
0 0 0 0 0 0 0 0 0 0
fl=???
fn=H5FL_term_interface
0 0 0 0 0 0 0 0 0 0
fl=???
fn=H5T__conv_ushort_llong
0 0 0 0 0 0 0 0 0 0
fl=/build/eglibc-ripdx6/eglibc-2.19/elf/dl-environ.c
fn=_dl_next_ld_env_entry
0 0 0 0 0 0 0 0 0 0
fl=???
fn=H5P_isa_class
0 0 0 0 0 0 0 0 0 0
fl=???
fn=SUNLinSolGetType_Dense
0 0 0 0 0 0 0 0 0 0
fl=???
fn=H5T__conv_llong_int
0 0 0 0 0 0 0 0 0 0
fl=???
fn=cvChooseEta
0 0 1825 1 0 0 0 0 0 0
fl=???
fn=H5D__get_dxpl_cache
0 0 0 0 0 0 0 0 0 0
fl=/build/eglibc-ripdx6/eglibc-2.19/elf/dl-misc.c
fn=_dl_higher_prime_number
0 0 0 0 0 0 0 0 0 0
fl=???
fn=H5T__conv_llong_uint
0 0 0 0 0 0 0 0 0 0
fl=/build/eglibc-ripdx6/eglibc-2.19/elf/rtld.c
fn=_dl_initial_error_catch_tsd
0 0 0 0 0 0 0 0 0 0
fl=???
fn=H5O_obj_create
0 0 0 0 0 0 0 0 0 0
fl=???
fn=H5F_sym_leaf_k
0 0 0 0 0 0 0 0 0 0
fl=/build/eglibc-ripdx6/eglibc-2.19/string/../string/memcmp.c
fn=bcmp
0 0 0 0 0 0 0 0 0 0
fl=???
fn=H5D__layout_set_io_ops
0 0 0 0 0 0 0 0 0 0
fl=/build/eglibc-ripdx6/eglibc-2.19/io/../sysdeps/unix/sysv/linux/getcwd.c
fn=getcwd
0 0 0 0 0 0 0 0 0 0
fl=???
fn=H5T__conv_llong_ushort
0 0 0 0 0 0 0 0 0 0
fl=???
fn=H5P_access_class
0 0 0 0 0 0 0 0 0 0
fl=/build/eglibc-ripdx6/eglibc-2.19/string/../sysdeps/x86_64/multiarch/strcmp.S
fn=strncasecmp
0 0 0 0 0 0 0 0 0 0
fl=???
fn=cvDlsSetup
0 0 -1488 0 0 1104 1 0 0 0
fl=???
fn=H5SL_greater
0 0 0 0 0 0 0 0 0 0
fl=???
fn=cvBDFStab
0 0 -1474 -1 0 0 0 0 0 0
fl=???
fn=H5G__obj_get_linfo
0 0 0 0 0 0 0 0 1 0
fl=/build/eglibc-ripdx6/eglibc-2.19/string/../sysdeps/x86_64/strlen.S
fn=strlen
0 190 24 0 38 -5 0 0 0 0
fl=???
fn=H5O_attr_exists
0 0 0 0 0 0 0 0 0 0
fl=???
fn=N_VGetArrayPointer
0 0 7560 1 0 0 0 0 0 0
fl=???
fn=H5G_root_loc
0 0 0 0 0 0 0 0 0 0
fl=/build/eglibc-ripdx6/eglibc-2.19/nptl/../nptl/sysdeps/unix/sysv/linux/x86_64/pthread_once.S
fn=pthread_once
0 0 0 0 0 0 0 0 0 0
fl=???
fn=H5SL_destroy
0 0 0 0 0 0 0 0 0 0
fl=???
fn=H5SL_search
0 0 0 0 0 3 0 0 0 0
fl=???
fn=H5O_loc_reset
0 0 0 0 0 0 0 0 0 0
fl=???
fn=H5FL_blk_realloc
0 0 0 0 0 0 0 0 0 0
fl=???
fn=H5P_close_class
0 0 0 0 0 0 0 0 0 0
fl=???
fn=VScaleBy_Serial
0 0 2109 0 0 0 0 0 0 0
fl=???
fn=H5B_shared_free
0 0 0 0 0 0 0 0 0 0
fl=/build/eglibc-ripdx6/eglibc-2.19/io/../sysdeps/unix/syscall-template.S
fn=__write_nocancel
0 0 0 0 0 0 0 0 0 0
fl=/opt/conda/conda-bld/compilers_linux-64_1520532893746/work/.build/src/gcc-7.2.0/libstdc++-v3/libsupc++/eh_alloc.cc
fn=_GLOBAL__sub_I_eh_alloc.cc
0 0 0 0 0 0 0 0 0 0
fl=???
fn=H5T__conv_uchar_ldouble
0 0 0 0 0 0 0 0 0 0
fl=???
fn=H5RS_own
0 0 0 0 0 0 0 0 0 0
fl=/build/eglibc-ripdx6/eglibc-2.19/math/../sysdeps/x86_64/fpu/multiarch/s_rintf.S
fn=rintf
0 0 0 0 0 0 0 0 0 0
fl=???
fn=SUNRpowerR
0 0 -1 0 0 0 0 0 0 0
fl=/build/eglibc-ripdx6/eglibc-2.19/elf/dl-minimal.c
fn=__libc_memalign
0 0 0 0 0 0 0 0 0 0
fl=???
fn=H5T__conv_int_float
0 0 0 0 0 0 0 0 0 0
fl=???
fn=H5Dread
0 0 0 0 0 0 0 0 0 0
fl=/build/eglibc-ripdx6/eglibc-2.19/elf/dl-minimal.c
fn=strsep
0 0 0 0 0 0 0 0 0 0
fl=???
fn=H5P_register_real
0 0 0 0 0 0 0 0 0 0
fl=???
fn=H5O_msg_free_mesg
0 0 0 0 0 0 0 0 0 0
fl=/build/eglibc-ripdx6/eglibc-2.19/nptl/../sysdeps/unix/sysv/linux/bits/sigset.h
fn=__pthread_initialize_minimal
0 0 0 0 0 0 0 0 0 0
fl=/build/eglibc-ripdx6/eglibc-2.19/math/../sysdeps/x86_64/fpu/multiarch/s_ceilf.S
fn=ceilf
0 0 0 0 0 0 0 0 0 0
fl=???
fn=H5I_dec_app_ref_always_close
0 0 0 0 0 0 0 0 0 0
fl=???
fn=SMCompatible_Dense
0 0 0 0 0 0 0 0 0 0
fl=/home/kwoksun2/dengo/dengo-project-dengo-ed14369817a2/dengo_data_structure/Untitled Folder/serial_performance_grid/eqH2/final/new/initialize_cvode_solver.C
fn=setup_cvode_solver(int (*)(double, _generic_N_Vector*, _generic_N_Vector*, void*), int (*)(double, _generic_N_Vector*, _generic_N_Vector*, _generic_SUNMatrix*, void*, _generic_N_Vector*, _generic_N_Vector*, _generic_N_Vector*), int, new__data*, _generic_SUNLinearSolver*, _generic_SUNMatrix*, _generic_N_Vector*, double, _generic_N_Vector*)
0 0 0 0 0 0 0 0 0 0
fl=/build/eglibc-ripdx6/eglibc-2.19/elf/../sysdeps/x86_64/dl-machine.h
fn=_dl_start
0 0 0 0 0 0 0 0 0 0
fl=/build/eglibc-ripdx6/eglibc-2.19/stdlib/../sysdeps/ieee754/dbl-64/dbl2mpn.c
fn=__mpn_extract_double
0 0 0 0 0 0 0 0 0 0
fl=???
fn=H5S_get_simple_extent_dims
0 0 0 0 0 0 0 0 0 0
fl=???
fn=H5G__ent_decode_vec
0 0 0 0 0 0 0 0 0 0
fl=???
fn=H5S_read
0 0 0 0 0 0 0 0 0 0
fl=???
fn=H5T__conv_float_ldouble
0 0 0 0 0 0 0 0 0 0
fl=/home/kwoksun2/dengo/dengo-project-dengo-ed14369817a2/dengo_data_structure/Untitled Folder/serial_performance_grid/eqH2/final/new/new__solver.C
fn=calculate_rhs_new_(double, _generic_N_Vector*, _generic_N_Vector*, void*)
0 0 31292 0 0 519 1 0 -5516 0
fl=???
fn=SUNMatScaleAddI_Dense
0 0 0 0 0 -63 0 0 0 0
fl=???
fn=SUNMatDestroy
0 0 0 0 0 0 0 0 0 0
fl=???
fn=H5T__conv_ldouble_ulong
0 0 0 0 0 0 0 0 0 0
fl=???
fn=H5FS_sect_find
0 0 0 0 0 0 0 0 0 0
fl=/build/eglibc-ripdx6/eglibc-2.19/elf/get-dynamic-info.h
fn=dl_main
0 0 0 0 0 0 0 0 0 0
fl=???
fn=H5I_dec_app_ref
0 0 0 0 0 0 0 0 0 0
fl=???
fn=H5MF_init_merge_flags
0 0 0 0 0 0 0 0 0 0
fl=???
fn=H5T__conv_uint_short
0 0 0 0 0 0 0 0 0 0
fl=???
fn=H5A_close
0 0 0 0 0 0 0 0 0 0
fl=/build/eglibc-ripdx6/eglibc-2.19/nptl/../nptl/sysdeps/unix/sysv/linux/unregister-atfork.c
fn=__unregister_atfork
0 0 0 0 0 0 0 0 0 0
fl=???
fn=H5HL_prfx_dest
0 0 0 0 0 0 0 0 0 0
fl=???
fn=N_VDestroy_Serial
0 0 0 0 0 0 0 0 0 0
fl=???
fn=H5FD_set_eoa
0 0 0 0 0 0 0 0 0 0
fl=???
fn=H5FO_opened
0 0 0 0 0 0 0 0 0 0
fl=???
fn=cvDlsInitializeCounters
0 0 -2 -1 0 0 0 0 0 0
fl=???
fn=H5G_node_close
0 0 0 0 0 0 0 0 0 0
fl=???
fn=CVDlsSetJacFn
0 0 0 0 0 0 0 0 0 0
fl=???
fn=H5T__conv_short_double
0 0 0 0 0 0 0 0 0 0
fl=/build/eglibc-ripdx6/eglibc-2.19/stdlib/cxa_thread_atexit_impl.c
fn=__call_tls_dtors
0 0 0 0 0 0 0 0 0 0
fl=/opt/conda/conda-bld/compilers_linux-64_1520532893746/work/.build/src/gcc-7.2.0/libstdc++-v3/src/c++11/compatibility-c++0x.cc
fn=std::error_category::error_category()
0 0 0 0 0 0 0 0 0 0
fl=/build/eglibc-ripdx6/eglibc-2.19/debug/vsnprintf_chk.c
fn=__vsnprintf_chk
0 0 0 0 0 0 0 0 0 0
fl=/build/eglibc-ripdx6/eglibc-2.19/misc/../sysdeps/unix/syscall-template.S
fn=mmap
0 0 0 0 0 0 0 0 0 0
fl=/build/eglibc-ripdx6/eglibc-2.19/elf/rtld.c
fn=dl_main
0 0 0 0 0 0 0 0 0 0
fl=/build/eglibc-ripdx6/eglibc-2.19/elf/../sysdeps/x86_64/dl-machine.h
fn=_dl_relocate_object
0 0 0 0 0 0 0 0 0 0
fl=???
fn=H5T__conv_ldouble_int
0 0 0 0 0 0 0 0 0 0
fl=/build/eglibc-ripdx6/eglibc-2.19/nptl/../nptl/sysdeps/unix/sysv/linux/x86_64/pthread_cond_signal.S
fn=pthread_cond_signal@@GLIBC_2.3.2
0 0 0 0 0 0 0 0 0 0
fl=???
fn=H5LT_find_attribute
0 0 0 0 0 0 0 0 0 0
fl=???
fn=H5FD_stdio_term
0 0 0 0 0 0 0 0 0 0
fl=/opt/conda/conda-bld/compilers_linux-64_1520532893746/work/.build/x86_64-conda_cos6-linux-gnu/build/build-cc-gcc-final/x86_64-conda_cos6-linux-gnu/libstdc++-v3/include/bits/locale_facets_nonio.h
fn=_GLOBAL__sub_I_cxx11_wlocale_inst.cc
0 0 0 0 0 0 0 0 0 0
fl=/build/eglibc-ripdx6/eglibc-2.19/elf/dl-init.c
fn=call_init.part.0
0 0 0 0 0 0 0 0 0 0
fl=???
fn=H5P_fill_value_cmp
0 0 0 0 0 0 0 0 0 0
fl=???
fn=H5FL_seq_realloc
0 0 0 0 0 0 0 0 0 0
fl=???
fn=CVodeCreate
0 0 0 0 0 0 0 0 0 0
fl=/build/eglibc-ripdx6/eglibc-2.19/elf/dl-debug.c
fn=_dl_debug_state
0 0 0 0 0 0 0 0 0 0
fl=/build/eglibc-ripdx6/eglibc-2.19/string/../sysdeps/x86_64/multiarch/memcmp.S
fn=bcmp
0 0 0 0 0 0 0 0 0 0
fl=/build/eglibc-ripdx6/eglibc-2.19/elf/../sysdeps/unix/sysv/linux/dl-osinfo.h
fn=security_init
0 0 0 0 0 0 0 0 0 0
fl=???
fn=H5FD_write
0 0 0 0 0 0 0 0 0 0
fl=/build/eglibc-ripdx6/eglibc-2.19/elf/dl-load.c
fn=open_verify
0 0 0 0 0 0 0 0 0 0
fl=???
fn=CVodeInit
0 0 0 0 0 0 0 0 0 0
fl=???
fn=H5HL_offset_into
0 0 0 0 0 0 0 0 0 0
fl=/build/eglibc-ripdx6/eglibc-2.19/string/../sysdeps/x86_64/multiarch/../strcmp.S
fn=strcmp
0 0 1 0 0 1 0 0 0 0
fl=???
fn=H5O_alloc
0 0 0 0 0 0 0 0 0 0
fl=???
fn=H5S_get_select_npoints
0 0 0 0 0 0 0 0 0 0
fl=/build/eglibc-ripdx6/eglibc-2.19/misc/../sysdeps/unix/syscall-template.S
fn=mprotect
0 0 0 0 0 0 0 0 0 0
fl=/build/eglibc-ripdx6/eglibc-2.19/time/../sysdeps/generic/dl-hash.h
fn=gettimeofday
0 0 0 0 0 0 0 0 0 0
fl=???
fn=H5T__conv_double_uint
0 0 0 0 0 0 0 0 0 0
fl=???
fn=H5A_attr_release_table
0 0 0 0 0 0 0 0 0 0
fl=???
fn=H5SL_create
0 0 2 0 0 0 0 0 -1 0
fl=???
fn=H5FD_init
0 0 0 0 0 0 0 0 0 0
fl=???
fn=cvSLdet
0 0 1224 1 0 -12 -1 0 -4 0
fl=/build/eglibc-ripdx6/eglibc-2.19/string/../sysdeps/x86_64/multiarch/memcpy-sse2-unaligned.S
fn=__memcpy_sse2_unaligned
0 0 0 0 0 -23 0 0 0 0
fl=???
fn=cvCheckNvector
0 0 1 1 0 0 0 0 0 0
fl=???
fn=H5T__conv_int_ldouble
0 0 0 0 0 0 0 0 0 0
fl=/build/eglibc-ripdx6/eglibc-2.19/malloc/malloc.c
fn=malloc_consolidate
0 0 0 0 0 -1 0 0 0 0
fl=???
fn=H5P_cmp_class
0 0 0 0 0 0 0 0 0 0
fl=/build/eglibc-ripdx6/eglibc-2.19/setjmp/sigjmp.c
fn=__sigjmp_save
0 0 0 0 0 0 0 0 0 0
fl=/build/eglibc-ripdx6/eglibc-2.19/nptl/../nptl/pthread_mutex_lock.c
fn=pthread_mutex_lock
0 0 0 0 0 -1 0 0 0 0
fl=???
fn=H5S_append
0 0 0 0 0 0 0 0 0 0
fl=???
fn=H5C_pin_protected_entry
0 0 0 0 0 0 0 0 0 0
fl=???
fn=H5T__conv_float_long
0 0 0 0 0 0 0 0 0 0
fl=/build/eglibc-ripdx6/eglibc-2.19/stdlib/../sysdeps/x86_64/mul_1.S
fn=__mpn_mul_1
0 0 0 0 0 0 0 0 0 0
fl=???
fn=H5O_set_shared
0 0 0 0 0 0 0 0 0 0
fl=???
fn=H5LTset_attribute_double
0 0 0 0 0 0 0 0 0 0
fl=/build/eglibc-ripdx6/eglibc-2.19/setjmp/../sysdeps/x86_64/bsd-_setjmp.S
fn=_setjmp
0 0 0 0 0 0 0 0 0 0
fl=???
fn=H5F_accum_free
0 0 0 0 0 0 0 0 0 0
fl=/build/eglibc-ripdx6/eglibc-2.19/libio/genops.c
fn=_IO_no_init
0 0 0 0 0 0 0 0 0 0
fl=/build/eglibc-ripdx6/eglibc-2.19/malloc/malloc.c
fn=realloc
0 0 0 0 0 0 0 0 0 0
fl=???
fn=N_VGetVectorID_Serial
0 0 0 0 0 0 0 0 0 0
fl=???
fn=H5G__ent_copy
0 0 0 0 0 0 0 0 0 0
fl=???
fn=H5O_msg_iterate_real
0 0 0 0 0 0 0 0 0 0
fl=/opt/conda/conda-bld/compilers_linux-64_1520532893746/work/.build/src/gcc-7.2.0/libstdc++-v3/src/c++11/locale-inst.cc
fn=_GLOBAL__sub_I_wlocale_inst.cc
0 0 0 0 0 0 0 0 0 0
fl=???
fn=H5B_insert
0 0 0 0 0 0 0 0 1 0
fl=/build/eglibc-ripdx6/eglibc-2.19/elf/dl-cache.c
fn=_dl_unload_cache
0 0 0 0 0 0 0 0 0 0
fl=???
fn=N_VLinearSum
0 0 -13383 -1 0 88 0 0 0 0
fl=???
fn=H5C_flush_cache
0 0 0 0 0 0 0 0 0 0
fl=/build/eglibc-ripdx6/eglibc-2.19/time/../sysdeps/unix/sysv/linux/x86_64/gettimeofday.c
fn=gettimeofday
0 0 0 0 0 0 0 0 0 0
fl=???
fn=H5T_close
0 0 0 0 0 0 0 0 0 0
fl=???
fn=H5MF_alloc_start
0 0 0 0 0 0 0 0 0 0
fl=/home/kwoksun2/valgrind-3.12.0/coregrind/m_trampoline.S
fn=vgPlain_amd64_linux_REDIR_FOR_vgettimeofday
0 0 0 0 0 0 0 0 0 0
fl=???
fn=H5O_msg_reset
0 0 0 0 0 0 0 0 0 0
fl=???
fn=H5O_attr_iterate
0 0 0 0 0 0 0 0 0 0
fl=/build/eglibc-ripdx6/eglibc-2.19/string/../sysdeps/x86_64/multiarch/strcpy.S
fn=strncpy
0 0 0 0 0 0 0 0 0 0
fl=/build/eglibc-ripdx6/eglibc-2.19/math/../sysdeps/ieee754/dbl-64/e_exp.c
fn=__ieee754_exp_avx
0 0 -6554 0 0 0 0 0 0 0
fl=???
fn=cvPredict
0 0 -1257 0 0 0 0 0 0 0
fl=???
fn=H5FL_reg_malloc
0 0 0 0 0 2 0 0 0 0
fl=???
fn=H5Acreate2
0 0 0 0 0 0 0 0 0 0
fl=/build/eglibc-ripdx6/eglibc-2.19/stdio-common/../sysdeps/generic/get-rounding-mode.h
fn=__printf_fp
0 0 0 0 0 0 0 0 0 0
fl=/build/eglibc-ripdx6/eglibc-2.19/dlfcn/dlfcn.c
fn=init
0 0 0 0 0 0 0 0 0 0
fl=/build/eglibc-ripdx6/eglibc-2.19/elf/dl-open.c
fn=_dl_find_dso_for_object
0 0 0 0 0 0 0 0 0 0
fl=/build/eglibc-ripdx6/eglibc-2.19/malloc/malloc.c
fn=_int_malloc
0 0 0 0 0 1 0 0 0 0
fl=/build/eglibc-ripdx6/eglibc-2.19/csu/../csu/init-first.c
fn=_init
0 0 0 0 0 0 0 0 0 0
fl=???
fn=H5B_shared_new
0 0 0 0 0 0 0 0 0 0
fl=???
fn=H5G__stab_insert_real
0 0 0 0 0 0 0 0 0 0
fl=???
fn=N_VScale
0 0 -2590 0 0 -104 0 0 0 0
fl=???
fn=SUNLinSolSetup_Dense
0 0 5 0 0 53 0 0 0 0
fl=???
fn=H5I_object
0 0 10 0 0 3 0 0 0 0
fl=???
fn=H5A_term_interface
0 0 0 0 0 0 0 0 0 0
fl=/home/kwoksun2/dengo/dengo-project-dengo-ed14369817a2/dengo_data_structure/Untitled Folder/serial_performance_grid/eqH2/final/new/new__solver.C
fn=dengo_evolve_new_(double, double&, double, double*, double*, double*, long long, new__data*, double*)
0 0 0 0 0 -2 -1 0 0 0
fl=???
fn=H5G_name_reset
0 0 0 0 0 0 0 0 0 0
fl=???
fn=H5G__obj_create_real
0 0 0 0 0 0 0 0 0 0
fl=/build/eglibc-ripdx6/eglibc-2.19/elf/rtld.c
fn=_dl_start
0 0 0 0 0 0 0 0 0 0
fl=/build/eglibc-ripdx6/eglibc-2.19/libio/fileops.c
fn=_IO_file_xsputn@@GLIBC_2.2.5
0 0 0 0 0 0 0 0 0 0
fl=???
fn=H5FL_arr_free
0 0 0 0 0 0 0 0 0 0
fl=/build/eglibc-ripdx6/eglibc-2.19/string/../bits/stdlib-bsearch.h
fn=intel_check_word
0 0 0 0 0 0 0 0 0 0
fl=???
fn=H5Dget_type
0 0 0 0 0 0 0 0 0 0
fl=???
fn=H5FD_free
0 0 0 0 0 0 0 0 0 0
fl=/build/eglibc-ripdx6/eglibc-2.19/nptl/pthread_cond_init.c
fn=pthread_cond_init@@GLIBC_2.3.2
0 0 0 0 0 0 0 0 0 0
fl=/build/eglibc-ripdx6/eglibc-2.19/libio/genops.c
fn=_IO_old_init
0 0 0 0 0 0 0 0 0 0
fl=???
fn=H5F_get_intent
0 0 0 0 0 0 0 0 0 0
fl=/build/eglibc-ripdx6/eglibc-2.19/stdio-common/fprintf.c
fn=fprintf
0 0 0 0 0 0 0 0 0 0
fl=???
fn=H5MF_xfree
0 0 0 0 0 0 0 0 0 0
fl=???
fn=H5T__vlen_create
0 0 0 0 0 0 0 0 0 0
fl=/opt/conda/conda-bld/compilers_linux-64_1520532893746/work/.build/src/gcc-7.2.0/libstdc++-v3/src/c++11/compatibility-c++0x.cc
fn=std::(anonymous namespace)::generic_error_category::~generic_error_category()
0 0 0 0 0 0 0 0 0 0
fl=???
fn=H5P_copy_plist
0 0 0 0 0 -4 0 0 0 0
fl=/build/eglibc-ripdx6/eglibc-2.19/malloc/malloc.c
fn=calloc
0 0 1 0 0 0 0 0 0 0
fl=???
fn=H5T__conv_float_ulong
0 0 0 0 0 0 0 0 0 0
fl=???
fn=H5FO_insert
0 0 0 0 0 0 0 0 0 0
fl=/build/eglibc-ripdx6/eglibc-2.19/elf/dl-load.c
fn=_dl_map_object_from_fd
0 0 0 0 0 0 0 0 0 0
fl=???
fn=N_VCloneEmpty_Serial
0 0 1 1 0 0 0 0 0 0
fl=/build/eglibc-ripdx6/eglibc-2.19/math/../sysdeps/ieee754/dbl-64/wordsize-64/math_private.h
fn=exp
0 0 0 0 0 0 0 0 0 0
fl=/build/eglibc-ripdx6/eglibc-2.19/libio/genops.c
fn=_IO_doallocbuf
0 0 0 0 0 0 0 0 0 0
fl=???
fn=H5MF_aggr_vfd_alloc
0 0 0 0 0 0 0 0 0 0
fl=???
fn=H5G_oloc
0 0 0 0 0 0 0 0 0 0
fl=/opt/conda/conda-bld/compilers_linux-64_1520532893746/work/.build/x86_64-conda_cos6-linux-gnu/build/build-cc-gcc-final/x86_64-conda_cos6-linux-gnu/libstdc++-v3/include/bits/locale_facets.h
fn=_GLOBAL__sub_I_wlocale_inst.cc
0 0 0 0 0 0 0 0 0 0
fl=???
fn=H5FD_get_class
0 0 0 0 0 0 0 0 0 0
fl=???
fn=H5FD_term_interface
0 0 0 0 0 0 0 0 0 0
fl=/build/eglibc-ripdx6/eglibc-2.19/libio/genops.c
fn=_IO_flush_all_lockp
0 0 0 0 0 0 0 0 0 0
fl=???
fn=cvDlsFree
0 0 1 0 0 0 0 0 0 0
fl=???
fn=H5S_extent_copy
0 0 0 0 0 0 0 0 0 0
fl=???
fn=H5T__conv_noop
0 0 0 0 0 0 0 0 0 0
fl=/opt/conda/conda-bld/compilers_linux-64_1520532893746/work/.build/x86_64-conda_cos6-linux-gnu/build/build-cc-gcc-final/x86_64-conda_cos6-linux-gnu/libstdc++-v3/include/bits/locale_classes.h
fn=_GLOBAL__sub_I_cxx11_wlocale_inst.cc
0 0 0 0 0 0 0 0 0 0
fl=???
fn=SUNMatClone_Dense
0 0 -1 -1 0 0 0 0 0 0
fl=???
fn=H5G_loc_free
0 0 0 0 0 0 0 0 0 0
fl=???
fn=H5WB_unwrap
0 0 0 0 0 0 0 0 0 0
fl=/opt/conda/conda-bld/compilers_linux-64_1520532893746/work/.build/x86_64-conda_cos6-linux-gnu/build/build-cc-gcc-final/x86_64-conda_cos6-linux-gnu/libstdc++-v3/include/bits/locale_facets_nonio.h
fn=_GLOBAL__sub_I_locale_inst.cc
0 0 0 0 0 0 0 0 0 0
fl=/build/eglibc-ripdx6/eglibc-2.19/stdlib/exit.c
fn=exit
0 0 0 0 0 0 0 0 0 0
fl=???
fn=H5T__conv_short_uchar
0 0 0 0 0 0 0 0 0 0
fl=/build/eglibc-ripdx6/eglibc-2.19/elf/../sysdeps/unix/sysv/linux/x86_64/brk.c
fn=brk
0 0 0 0 0 0 0 0 0 0
fl=???
fn=H5O_msg_create
0 0 0 0 0 0 0 0 0 0
fl=???
fn=H5FL_blk_calloc
0 0 0 0 0 0 0 0 0 0
fl=???
fn=N_VClone_Serial
0 0 -1 -1 0 0 0 0 0 0
fl=???
fn=cvAllocVectors
0 0 0 0 0 0 0 0 0 0
fl=/build/eglibc-ripdx6/eglibc-2.19/csu/../sysdeps/x86_64/multiarch/init-arch.c
fn=__init_cpu_features
0 0 0 0 0 0 0 0 0 0
fl=???
fn=H5FO_create
0 0 0 0 0 0 0 0 0 0
fl=???
fn=N_VGetVectorID
0 0 -1 -1 0 0 0 0 0 0
fl=/opt/conda/conda-bld/compilers_linux-64_1520532893746/work/.build/x86_64-conda_cos6-linux-gnu/build/build-cc-gcc-final/x86_64-conda_cos6-linux-gnu/libstdc++-v3/include/ext/bitmap_allocator.h
fn=_GLOBAL__sub_I_bitmap_allocator.cc
0 0 0 0 0 0 0 0 0 0
fl=???
fn=H5MF_sect_simple_shrink
0 0 0 0 0 0 0 0 0 0
fl=???
fn=H5T__conv_uint_ushort
0 0 0 0 0 0 0 0 0 0
fl=/build/eglibc-ripdx6/eglibc-2.19/stdlib/../sysdeps/x86_64/rshift.S
fn=__mpn_rshift
0 0 0 0 0 0 0 0 0 0
fl=/build/eglibc-ripdx6/eglibc-2.19/math/../sysdeps/i386/fpu/fenv_private.h
fn=__ieee754_exp_avx
0 0 4293 0 0 0 0 0 0 0
fl=???
fn=cvPrepareNextStep
0 0 -4789 -1 0 -1 -1 0 0 0
fl=/build/eglibc-ripdx6/eglibc-2.19/string/../sysdeps/x86_64/rtld-memset.S
fn=memset
0 0 0 0 0 0 0 0 0 0
fl=/opt/conda/conda-bld/compilers_linux-64_1520532893746/work/.build/src/gcc-7.2.0/libgcc/config/i386/cpuinfo.c
fn=get_available_features
0 0 0 0 0 0 0 0 0 0
fl=/build/eglibc-ripdx6/eglibc-2.19/elf/../string/bits/string2.h
fn=handle_ld_preload
0 0 0 0 0 0 0 0 0 0
fl=/build/eglibc-ripdx6/eglibc-2.19/libio/genops.c
fn=_IO_cleanup
0 0 0 0 0 0 0 0 0 0
fl=???
fn=SUNLinSolFree_Dense
0 0 0 0 0 0 0 0 0 0
fl=???
fn=H5RC_decr
0 0 0 0 0 0 0 0 0 0
fl=???
fn=VLin2_Serial
0 0 -2176 1 0 0 0 0 0 0
fl=???
fn=H5O_pin
0 0 0 0 0 0 0 0 0 0
fl=/build/eglibc-ripdx6/eglibc-2.19/string/../sysdeps/x86_64/memcpy.S
fn=__GI_mempcpy
0 0 0 0 0 0 0 0 0 0
fl=???
fn=CVodeFree
0 0 0 0 0 0 0 0 0 0
fl=???
fn=H5F_addr_encode_len
0 0 0 0 0 0 0 0 0 0
fl=???
fn=H5S_close
0 0 0 0 0 0 0 0 0 0
fl=/build/eglibc-ripdx6/eglibc-2.19/elf/rtld.c
fn=security_init
0 0 0 0 0 0 0 0 0 0
fl=???
fn=VDiff_Serial
0 0 1219 0 0 -66 0 0 0 0
fl=???
fn=H5P_set
0 0 0 0 0 0 0 0 0 0
fl=???
fn=H5F_use_latest_format
0 0 0 0 0 0 0 0 0 0
fl=???
fn=H5F_get_driver_id
0 0 0 0 0 0 0 0 0 0
fl=???
fn=H5D__create_named
0 0 0 0 0 0 0 0 0 0
fl=???
fn=H5Eset_auto2
0 0 0 0 0 0 0 0 0 0
fl=???
fn=H5O_attr_create
0 0 0 0 0 0 0 0 0 0
fl=/build/eglibc-ripdx6/eglibc-2.19/libio/fileops.c
fn=_IO_do_write@@GLIBC_2.2.5
0 0 0 0 0 0 0 0 0 0
fl=???
fn=H5D_oloc
0 0 0 0 0 0 0 0 0 0
fl=???
fn=H5G__name_init
0 0 0 0 0 0 0 0 0 0
fl=/build/eglibc-ripdx6/eglibc-2.19/elf/dl-load.c
fn=_dl_dst_count
0 0 0 0 0 0 0 0 0 0
fl=???
fn=H5SL_count
0 0 0 0 0 0 0 0 0 0
fl=???
fn=H5G__stab_insert
0 0 0 0 0 0 0 0 0 0
fl=???
fn=H5O_open_by_loc
0 0 0 0 0 0 0 0 0 0
fl=/build/eglibc-ripdx6/eglibc-2.19/math/../sysdeps/x86_64/fpu/multiarch/s_sin.c
fn=cos
0 0 0 0 0 0 0 0 0 0
fl=???
fn=H5F_store_msg_crt_idx
0 0 0 0 0 0 0 0 0 0
fl=/build/eglibc-ripdx6/eglibc-2.19/elf/rtld.c
fn=handle_ld_preload
0 0 0 0 0 0 0 0 0 0
fl=???
fn=H5C_dest
0 0 0 0 0 0 0 0 0 0
fl=/build/eglibc-ripdx6/eglibc-2.19/elf/dl-load.c
fn=open_path
0 0 0 0 0 0 0 0 0 0
fl=???
fn=H5AC_create
0 0 0 0 0 0 0 0 0 0
fl=???
fn=H5T__conv_int_short
0 0 0 0 0 0 0 0 0 0
fl=???
fn=H5F_sizeof_size
0 0 0 0 0 0 0 0 0 0
fl=???
fn=H5FD_get_maxaddr
0 0 0 0 0 0 0 0 0 0
fl=???
fn=H5SL_remove_first
0 0 0 0 0 0 0 0 0 0
fl=???
fn=H5O_loc_free
0 0 0 0 0 0 0 0 0 0
fl=???
fn=VSum_Serial
0 0 7133 -1 0 -23 0 0 0 0
fl=???
fn=H5O_msg_exists
0 0 0 0 0 0 0 0 1 0
fl=???
fn=H5MF_close
0 0 0 0 0 0 0 0 0 0
fl=???
fn=H5FD_sec2_init
0 0 0 0 0 0 0 0 0 0
fl=/build/eglibc-ripdx6/eglibc-2.19/csu/../sysdeps/generic/dl-hash.h
fn=_init
0 0 0 0 0 0 0 0 0 0
fl=/build/eglibc-ripdx6/eglibc-2.19/math/../sysdeps/ieee754/dbl-64/e_exp.c
fn=__exp1
0 0 -2159 0 0 356 0 0 0 0
fl=???
fn=H5F_try_close
0 0 0 0 0 0 0 0 0 0
fl=/build/eglibc-ripdx6/eglibc-2.19/misc/sbrk.c
fn=sbrk
0 0 0 0 0 0 0 0 0 0
fl=???
fn=H5TS_cancel_count_dec
0 0 0 0 0 1 0 0 0 0
fl=/home/kwoksun2/dengo/dengo-project-dengo-ed14369817a2/dengo_data_structure/Untitled Folder/serial_performance_grid/eqH2/final/new/new__solver.C
fn=new__read_rate_tables(new__data*)
0 0 0 0 0 0 0 0 0 0
fl=/opt/conda/conda-bld/compilers_linux-64_1520532893746/work/.build/x86_64-conda_cos6-linux-gnu/build/build-cc-gcc-final/x86_64-conda_cos6-linux-gnu/libstdc++-v3/include/bits/locale_facets_nonio.h
fn=_GLOBAL__sub_I_wlocale_inst.cc
0 0 0 0 0 0 0 0 0 0
fl=???
fn=H5T__conv_schar_int
0 0 0 0 0 0 0 0 0 0
fl=/build/eglibc-ripdx6/eglibc-2.19/nptl/../sysdeps/x86_64/multiarch/init-arch.c
fn=__get_cpu_features
0 0 0 0 0 0 0 0 0 0
fl=???
fn=H5G_obj_insert
0 0 0 0 0 0 0 0 0 0
fl=/opt/conda/conda-bld/compilers_linux-64_1520532893746/work/.build/x86_64-conda_cos6-linux-gnu/build/build-cc-gcc-final/x86_64-conda_cos6-linux-gnu/libstdc++-v3/include/bits/locale_facets_nonio.h
fn=_GLOBAL__sub_I_cxx11_locale_inst.cc
0 0 0 0 0 0 0 0 0 0
fl=???
fn=SUNMatCopy
0 0 4074 1 0 0 0 0 0 0
fl=???
fn=H5T__conv_double_uchar
0 0 0 0 0 0 0 0 0 0
fl=???
fn=H5FL_reg_calloc
0 0 0 0 0 0 0 0 0 0
fl=/opt/conda/conda-bld/compilers_linux-64_1520532893746/work/.build/src/gcc-7.2.0/libstdc++-v3/src/c++11/future.cc
fn=(anonymous namespace)::future_error_category::~future_error_category()
0 0 0 0 0 0 0 0 0 0
fl=???
fn=H5I_dec_type_ref
0 0 0 0 0 0 0 0 0 0
fl=/build/eglibc-ripdx6/eglibc-2.19/string/../sysdeps/x86_64/multiarch/../cacheinfo.c
fn=init_cacheinfo
0 0 0 0 0 0 0 0 0 0
fl=???
fn=H5G__obj_lookup
0 0 0 0 0 0 0 0 0 0
fl=???
fn=H5F_super_free
0 0 0 0 0 0 0 0 0 0
fl=???
fn=N_VAbs
0 0 -5253 -1 0 0 0 0 0 0
summary: -53490 133210 14 138555 55157 3 138517 -10449 0
