Traceback (most recent call last):
  File "/home/runner/.local/lib/python3.8/site-packages/jupyter_cache/executors/utils.py", line 51, in single_nb_execution
    executenb(
  File "/home/runner/.local/lib/python3.8/site-packages/nbclient/client.py", line 1204, in execute
    return NotebookClient(nb=nb, resources=resources, km=km, **kwargs).execute()
  File "/home/runner/.local/lib/python3.8/site-packages/nbclient/util.py", line 84, in wrapped
    return just_run(coro(*args, **kwargs))
  File "/home/runner/.local/lib/python3.8/site-packages/nbclient/util.py", line 62, in just_run
    return loop.run_until_complete(coro)
  File "/usr/lib/python3.8/asyncio/base_events.py", line 616, in run_until_complete
    return future.result()
  File "/home/runner/.local/lib/python3.8/site-packages/nbclient/client.py", line 663, in async_execute
    await self.async_execute_cell(
  File "/home/runner/.local/lib/python3.8/site-packages/nbclient/client.py", line 965, in async_execute_cell
    await self._check_raise_for_error(cell, cell_index, exec_reply)
  File "/home/runner/.local/lib/python3.8/site-packages/nbclient/client.py", line 862, in _check_raise_for_error
    raise CellExecutionError.from_cell_and_msg(cell, exec_reply_content)
nbclient.exceptions.CellExecutionError: An error occurred while executing the following cell:
------------------
from pygrackle import \
 FluidContainer, \
 chemistry_data, \
 evolve_constant_density

from pygrackle.utilities.physical_constants import \
 mass_hydrogen_cgs, \
 sec_per_Myr, \
 cm_per_mpc

import dengo
from dengo.chemical_network import \
 ChemicalNetwork, \
 reaction_registry, \
 cooling_registry, species_registry
import dengo.primordial_rates
import dengo.primordial_cooling
------------------

[0;31m---------------------------------------------------------------------------[0m
[0;31mModuleNotFoundError[0m                       Traceback (most recent call last)
Input [0;32mIn [1][0m, in [0;36m<cell line: 1>[0;34m()[0m
[0;32m----> 1[0m [38;5;28;01mfrom[39;00m [38;5;21;01mpygrackle[39;00m [38;5;28;01mimport[39;00m \
[1;32m      2[0m  FluidContainer, \
[1;32m      3[0m  chemistry_data, \
[1;32m      4[0m  evolve_constant_density
[1;32m      6[0m [38;5;28;01mfrom[39;00m [38;5;21;01mpygrackle[39;00m[38;5;21;01m.[39;00m[38;5;21;01mutilities[39;00m[38;5;21;01m.[39;00m[38;5;21;01mphysical_constants[39;00m [38;5;28;01mimport[39;00m \
[1;32m      7[0m  mass_hydrogen_cgs, \
[1;32m      8[0m  sec_per_Myr, \
[1;32m      9[0m  cm_per_mpc
[1;32m     11[0m [38;5;28;01mimport[39;00m [38;5;21;01mdengo[39;00m

[0;31mModuleNotFoundError[0m: No module named 'pygrackle'
ModuleNotFoundError: No module named 'pygrackle'

