Traceback (most recent call last):
  File "/home/runner/.local/lib/python3.8/site-packages/jupyter_cache/executors/utils.py", line 51, in single_nb_execution
    executenb(
  File "/home/runner/.local/lib/python3.8/site-packages/nbclient/client.py", line 1204, in execute
    return NotebookClient(nb=nb, resources=resources, km=km, **kwargs).execute()
  File "/home/runner/.local/lib/python3.8/site-packages/nbclient/util.py", line 84, in wrapped
    return just_run(coro(*args, **kwargs))
  File "/home/runner/.local/lib/python3.8/site-packages/nbclient/util.py", line 62, in just_run
    return loop.run_until_complete(coro)
  File "/usr/lib/python3.8/asyncio/base_events.py", line 616, in run_until_complete
    return future.result()
  File "/home/runner/.local/lib/python3.8/site-packages/nbclient/client.py", line 663, in async_execute
    await self.async_execute_cell(
  File "/home/runner/.local/lib/python3.8/site-packages/nbclient/client.py", line 965, in async_execute_cell
    await self._check_raise_for_error(cell, cell_index, exec_reply)
  File "/home/runner/.local/lib/python3.8/site-packages/nbclient/client.py", line 862, in _check_raise_for_error
    raise CellExecutionError.from_cell_and_msg(cell, exec_reply_content)
nbclient.exceptions.CellExecutionError: An error occurred while executing the following cell:
------------------
import os

os.environ["XUVTOP"] = "/home/kwoksun2/data/dengo-merge/CHIANTI"
from dengo.reaction_classes import chianti_rate
from dengo.reaction_classes import ion_photoionization_rate

from dengo.chemical_network import (
    ChemicalNetwork,
    species_registry,
    reaction_registry,
    cooling_registry,
)
import ChiantiPy.core as ch
import numpy as np
import matplotlib.pyplot as plt
------------------

[0;31m---------------------------------------------------------------------------[0m
[0;31mModuleNotFoundError[0m                       Traceback (most recent call last)
Input [0;32mIn [1][0m, in [0;36m<cell line: 13>[0;34m()[0m
[1;32m      5[0m [38;5;28;01mfrom[39;00m [38;5;21;01mdengo[39;00m[38;5;21;01m.[39;00m[38;5;21;01mreaction_classes[39;00m [38;5;28;01mimport[39;00m ion_photoionization_rate
[1;32m      7[0m [38;5;28;01mfrom[39;00m [38;5;21;01mdengo[39;00m[38;5;21;01m.[39;00m[38;5;21;01mchemical_network[39;00m [38;5;28;01mimport[39;00m (
[1;32m      8[0m     ChemicalNetwork,
[1;32m      9[0m     species_registry,
[1;32m     10[0m     reaction_registry,
[1;32m     11[0m     cooling_registry,
[1;32m     12[0m )
[0;32m---> 13[0m [38;5;28;01mimport[39;00m [38;5;21;01mChiantiPy[39;00m[38;5;21;01m.[39;00m[38;5;21;01mcore[39;00m [38;5;28;01mas[39;00m [38;5;21;01mch[39;00m
[1;32m     14[0m [38;5;28;01mimport[39;00m [38;5;21;01mnumpy[39;00m [38;5;28;01mas[39;00m [38;5;21;01mnp[39;00m
[1;32m     15[0m [38;5;28;01mimport[39;00m [38;5;21;01mmatplotlib[39;00m[38;5;21;01m.[39;00m[38;5;21;01mpyplot[39;00m [38;5;28;01mas[39;00m [38;5;21;01mplt[39;00m

File [0;32m~/.local/lib/python3.8/site-packages/ChiantiPy/core/__init__.py:8[0m, in [0;36m<module>[0;34m[0m
[1;32m      1[0m [38;5;124;03m"""[39;00m
[1;32m      2[0m [38;5;124;03mchianti.core - contains the main classes for ChiantiPy users.[39;00m
[1;32m      3[0m 
[0;32m   (...)[0m
[1;32m      6[0m 
[1;32m      7[0m [38;5;124;03m"""[39;00m
[0;32m----> 8[0m [38;5;28;01mfrom[39;00m [38;5;21;01m.[39;00m[38;5;21;01mSpectrum[39;00m [38;5;28;01mimport[39;00m spectrum
[1;32m      9[0m [38;5;28;01mfrom[39;00m [38;5;21;01m.[39;00m[38;5;21;01mBunch[39;00m [38;5;28;01mimport[39;00m bunch
[1;32m     10[0m [38;5;28;01mfrom[39;00m [38;5;21;01m.[39;00m[38;5;21;01mMspectrum[39;00m [38;5;28;01mimport[39;00m mspectrum

File [0;32m~/.local/lib/python3.8/site-packages/ChiantiPy/core/Spectrum.py:5[0m, in [0;36m<module>[0;34m[0m
[1;32m      3[0m [38;5;28;01mimport[39;00m [38;5;21;01mnumpy[39;00m [38;5;28;01mas[39;00m [38;5;21;01mnp[39;00m
[1;32m      4[0m [38;5;28;01mimport[39;00m [38;5;21;01mChiantiPy[39;00m
[0;32m----> 5[0m [38;5;28;01mimport[39;00m [38;5;21;01mChiantiPy[39;00m[38;5;21;01m.[39;00m[38;5;21;01mtools[39;00m[38;5;21;01m.[39;00m[38;5;21;01mdata[39;00m [38;5;28;01mas[39;00m [38;5;21;01mchdata[39;00m
[1;32m      6[0m [38;5;28;01mimport[39;00m [38;5;21;01mChiantiPy[39;00m[38;5;21;01m.[39;00m[38;5;21;01mtools[39;00m[38;5;21;01m.[39;00m[38;5;21;01mconstants[39;00m [38;5;28;01mas[39;00m [38;5;21;01mconst[39;00m
[1;32m      7[0m [38;5;28;01mimport[39;00m [38;5;21;01mChiantiPy[39;00m[38;5;21;01m.[39;00m[38;5;21;01mtools[39;00m[38;5;21;01m.[39;00m[38;5;21;01mfilters[39;00m [38;5;28;01mas[39;00m [38;5;21;01mchfilters[39;00m

File [0;32m~/.local/lib/python3.8/site-packages/ChiantiPy/tools/data.py:41[0m, in [0;36m<module>[0;34m[0m
[1;32m     38[0m [38;5;28;01mimport[39;00m [38;5;21;01mtraceback[39;00m
[1;32m     39[0m [38;5;28;01mimport[39;00m [38;5;21;01mwarnings[39;00m
[0;32m---> 41[0m [38;5;28;01mimport[39;00m [38;5;21;01mChiantiPy[39;00m[38;5;21;01m.[39;00m[38;5;21;01mtools[39;00m[38;5;21;01m.[39;00m[38;5;21;01mio[39;00m [38;5;28;01mas[39;00m [38;5;21;01mchio[39;00m
[1;32m     43[0m klnames [38;5;241m=[39m [[38;5;124m'[39m[38;5;124mklgfb_1.dat[39m[38;5;124m'[39m,[38;5;124m'[39m[38;5;124mklgfb_2.dat[39m[38;5;124m'[39m, [38;5;124m'[39m[38;5;124mklgfb_3.dat[39m[38;5;124m'[39m, [38;5;124m'[39m[38;5;124mklgfb_4.dat[39m[38;5;124m'[39m, [38;5;124m'[39m[38;5;124mklgfb_5.dat[39m[38;5;124m'[39m, [38;5;124m'[39m[38;5;124mklgfb_6.dat[39m[38;5;124m'[39m]
[1;32m     44[0m [38;5;28;01mtry[39;00m:

File [0;32m~/.local/lib/python3.8/site-packages/ChiantiPy/tools/io.py:13[0m, in [0;36m<module>[0;34m[0m
[1;32m      9[0m [38;5;28;01mimport[39;00m [38;5;21;01mconfigparser[39;00m
[1;32m     11[0m [38;5;28;01mimport[39;00m [38;5;21;01mnumpy[39;00m [38;5;28;01mas[39;00m [38;5;21;01mnp[39;00m
[0;32m---> 13[0m [38;5;28;01mimport[39;00m [38;5;21;01mChiantiPy[39;00m[38;5;21;01m.[39;00m[38;5;21;01mtools[39;00m[38;5;21;01m.[39;00m[38;5;21;01mutil[39;00m [38;5;28;01mas[39;00m [38;5;21;01mutil[39;00m
[1;32m     14[0m [38;5;28;01mimport[39;00m [38;5;21;01mChiantiPy[39;00m[38;5;21;01m.[39;00m[38;5;21;01mtools[39;00m[38;5;21;01m.[39;00m[38;5;21;01mconstants[39;00m [38;5;28;01mas[39;00m [38;5;21;01mconst[39;00m
[1;32m     15[0m [38;5;28;01mimport[39;00m [38;5;21;01mChiantiPy[39;00m[38;5;21;01m.[39;00m[38;5;21;01mGui[39;00m [38;5;28;01mas[39;00m [38;5;21;01mchgui[39;00m

File [0;32m~/.local/lib/python3.8/site-packages/ChiantiPy/tools/util.py:12[0m, in [0;36m<module>[0;34m[0m
[1;32m     10[0m [38;5;28;01mimport[39;00m [38;5;21;01mfnmatch[39;00m
[1;32m     11[0m [38;5;28;01mimport[39;00m [38;5;21;01mnumpy[39;00m [38;5;28;01mas[39;00m [38;5;21;01mnp[39;00m
[0;32m---> 12[0m [38;5;28;01mfrom[39;00m [38;5;21;01mscipy[39;00m [38;5;28;01mimport[39;00m interpolate
[1;32m     13[0m [38;5;28;01mfrom[39;00m [38;5;21;01mscipy[39;00m[38;5;21;01m.[39;00m[38;5;21;01mspecial[39;00m [38;5;28;01mimport[39;00m exp1
[1;32m     14[0m [38;5;28;01mimport[39;00m [38;5;21;01mChiantiPy[39;00m[38;5;21;01m.[39;00m[38;5;21;01mtools[39;00m[38;5;21;01m.[39;00m[38;5;21;01mconstants[39;00m [38;5;28;01mas[39;00m [38;5;21;01mconst[39;00m

[0;31mModuleNotFoundError[0m: No module named 'scipy'
ModuleNotFoundError: No module named 'scipy'

