Traceback (most recent call last):
  File "/home/runner/.local/lib/python3.8/site-packages/jupyter_cache/executors/utils.py", line 51, in single_nb_execution
    executenb(
  File "/home/runner/.local/lib/python3.8/site-packages/nbclient/client.py", line 1204, in execute
    return NotebookClient(nb=nb, resources=resources, km=km, **kwargs).execute()
  File "/home/runner/.local/lib/python3.8/site-packages/nbclient/util.py", line 84, in wrapped
    return just_run(coro(*args, **kwargs))
  File "/home/runner/.local/lib/python3.8/site-packages/nbclient/util.py", line 62, in just_run
    return loop.run_until_complete(coro)
  File "/usr/lib/python3.8/asyncio/base_events.py", line 616, in run_until_complete
    return future.result()
  File "/home/runner/.local/lib/python3.8/site-packages/nbclient/client.py", line 663, in async_execute
    await self.async_execute_cell(
  File "/home/runner/.local/lib/python3.8/site-packages/nbclient/client.py", line 965, in async_execute_cell
    await self._check_raise_for_error(cell, cell_index, exec_reply)
  File "/home/runner/.local/lib/python3.8/site-packages/nbclient/client.py", line 862, in _check_raise_for_error
    raise CellExecutionError.from_cell_and_msg(cell, exec_reply_content)
nbclient.exceptions.CellExecutionError: An error occurred while executing the following cell:
------------------
# from simple_temperature import calculate_temperature
import numpy  as np
# Prepare the initial state vector
ge = 1e13  #erg/g
H_1 = 1e-2# 1/cm^3
H_2 = 1e-2# 1/cm^3
de  = 1e-2# 1/cm^3
state = np.array([H_1, H_2, de, ge])
simple_temperature.calculate_temperature(state)
------------------

[0;31m---------------------------------------------------------------------------[0m
[0;31mNameError[0m                                 Traceback (most recent call last)
Input [0;32mIn [9][0m, in [0;36m<cell line: 9>[0;34m()[0m
[1;32m      7[0m de  [38;5;241m=[39m [38;5;241m1e-2[39m[38;5;66;03m# 1/cm^3[39;00m
[1;32m      8[0m state [38;5;241m=[39m np[38;5;241m.[39marray([H_1, H_2, de, ge])
[0;32m----> 9[0m [43msimple_temperature[49m[38;5;241m.[39mcalculate_temperature(state)

[0;31mNameError[0m: name 'simple_temperature' is not defined
NameError: name 'simple_temperature' is not defined

