Getting dimensionality from ge:
  ncells =  64
Reading I.C. for /H2_1
H2_1[0] = 3.8e+09 
Reading I.C. for /H2_2
H2_2[0] = 1e-10 
Reading I.C. for /H_1
H_1[0] = 3.8e+09 
Reading I.C. for /H_2
H_2[0] = 1e-10 
Reading I.C. for /H_m0
H_m0[0] = 1e-10 
Reading I.C. for /He_1
He_1[0] = 2.4e+09 
Reading I.C. for /He_2
He_2[0] = 1e-10 
Reading I.C. for /He_3
He_3[0] = 1e-10 
Reading I.C. for /de
de[0] = 1.25e-10 
Reading I.C. for /ge
ge[0] = 1.88e+11 
data are now read in 
Successfully read in rate tables.
Successfully read in cooling rate tables.
Successfully read in gamma tables. 
rates too!0 th strip: 0 iterations, internal_dt : 1e+10
0 the strip = 1e+10
finally free 0 
56 th strip: 0 iterations, internal_dt : 1e+10
56 the strip = 1e+10
finally free 7 
32 th strip: 0 iterations, internal_dt : 1e+10
32 the strip = 1e+10
finally free 4 
24 th strip: 0 iterations, internal_dt : 1e+10
24 the strip = 1e+10
16 th strip: 0 iterations, internal_dt : 1e+10
16 the strip = 1e+10
finally free 2 
finally free 3 
8 th strip: 0 iterations, internal_dt : 1e+10
8 the strip = 1e+10
finally free 1 
48 th strip: 0 iterations, internal_dt : 1e+10
48 the strip = 1e+10
finally free 6 
40 th strip: 0 iterations, internal_dt : 1e+10
40 the strip = 1e+10
finally free 5 

[CVODE ERROR]  CVode
  At t = 6.21534e+08 and h = 0.184153, the error test failed repeatedly or with |h| = hmin.

57 th strip: 0 iterations, internal_dt : 6.2153e+08
1 th strip: 0 iterations, internal_dt : 1e+10
1 the strip = 1e+10
finally free 0 
41 th strip: 0 iterations, internal_dt : 1e+10
41 the strip = 1e+10
finally free 5 
2 th strip: 0 iterations, internal_dt : 1e+10
2 the strip = 1e+10
finally free 0 
25 th strip: 0 iterations, internal_dt : 1e+10
25 the strip = 1e+10
finally free 3 
3 th strip: 0 iterations, internal_dt : 1e+10
3 the strip = 1e+10
finally free 0 
57 th strip: 1 iterations, internal_dt : 6.8369e+08
17 th strip: 0 iterations, internal_dt : 1e+10
17 the strip = 1e+10
finally free 2 
57 the strip = 1.3052e+09
finally free 7 
33 th strip: 0 iterations, internal_dt : 1e+10
42 th strip: 0 iterations, internal_dt : 1e+10
42 the strip = 1e+10
finally free 5 
4 th strip: 0 iterations, internal_dt : 1e+10
4 the strip = 1e+10
finally free 0 
43 th strip: 0 iterations, internal_dt : 1e+10
43 the strip = 1e+10
finally free 5 
49 th strip: 0 iterations, internal_dt : 1e+10
49 the strip = 1e+10
finally free 6 
5 th strip: 0 iterations, internal_dt : 1e+10
5 the strip = 1e+10
finally free 0 

[CVODE ERROR]  CVode
  At t = 5.45295e+07 and h = 0.227658, the error test failed repeatedly or with |h| = hmin.

58 th strip: 0 iterations, internal_dt : 5.4529e+07
44 th strip: 0 iterations, internal_dt : 1e+10
44 the strip = 1e+10
finally free 5 
6 th strip: 0 iterations, internal_dt : 1e+10
6 the strip = 1e+10
finally free 0 

[CVODE ERROR]  CVode
  At t = 2.52495e+07 and h = 0.317435, the error test failed repeatedly or with |h| = hmin.

50 th strip: 0 iterations, internal_dt : 2.525e+07
7 th strip: 0 iterations, internal_dt : 1e+10
7 the strip = 1e+10
finally free 0 
18 th strip: 0 iterations, internal_dt : 1e+10
18 the strip = 1e+10
finally free 2 
45 th strip: 0 iterations, internal_dt : 1e+10
45 the strip = 1e+10
finally free 5 
46 th strip: 0 iterations, internal_dt : 1e+10
46 the strip = 1e+10
finally free 5 
33 th strip: 1 iterations, internal_dt : 5.5e+09
33 the strip = 5.5e+09
finally free 4 
26 th strip: 0 iterations, internal_dt : 1e+10
26 the strip = 1e+10
finally free 3 
58 th strip: 1 iterations, internal_dt : 5.9982e+07
58 the strip = 1.1451e+08
finally free 7 
19 th strip: 0 iterations, internal_dt : 1e+10
19 the strip = 1e+10
finally free 2 
50 th strip: 1 iterations, internal_dt : 2.7774e+07
50 the strip = 5.3024e+07
finally free 6 

[CVODE ERROR]  CVode
  At t = 1.90904e+06 and h = 0.072309, the error test failed repeatedly or with |h| = hmin.

20 th strip: 0 iterations, internal_dt : 1e+10
20 the strip = 1e+10
finally free 2 
59 th strip: 0 iterations, internal_dt : 1.909e+06
21 th strip: 0 iterations, internal_dt : 1e+10
21 the strip = 1e+10
finally free 2 
22 th strip: 0 iterations, internal_dt : 1e+10
22 the strip = 1e+10
finally free 2 
59 th strip: 1 iterations, internal_dt : 2.0999e+06
59 the strip = 4.009e+06
finally free 7 
23 th strip: 0 iterations, internal_dt : 1e+10
23 the strip = 1e+10
finally free 2 
34 th strip: 0 iterations, internal_dt : 1e+10
27 th strip: 0 iterations, internal_dt : 1e+10
27 the strip = 1e+10
finally free 3 
28 th strip: 0 iterations, internal_dt : 1e+10
28 the strip = 1e+10
finally free 3 
34 th strip: 1 iterations, internal_dt : 5.5e+09
34 the strip = 5.5e+09
finally free 4 
29 th strip: 0 iterations, internal_dt : 1e+10
29 the strip = 1e+10
finally free 3 
30 th strip: 0 iterations, internal_dt : 1e+10
30 the strip = 1e+10
finally free 3 
31 th strip: 0 iterations, internal_dt : 1e+10
31 the strip = 1e+10
finally free 3 
51 th strip: 0 iterations, internal_dt : 1e+10
51 the strip = 1e+10
finally free 6 

[CVODE ERROR]  CVode
  At t = 1.48432e+09 and h = 20.8724, the error test failed repeatedly or with |h| = hmin.

60 th strip: 0 iterations, internal_dt : 1.4843e+09
52 th strip: 0 iterations, internal_dt : 1e+10
52 the strip = 1e+10
finally free 6 
53 th strip: 0 iterations, internal_dt : 1e+10
53 the strip = 1e+10
finally free 6 
54 th strip: 0 iterations, internal_dt : 1e+10
54 the strip = 1e+10
finally free 6 
55 th strip: 0 iterations, internal_dt : 1e+10
55 the strip = 1e+10
finally free 6 
60 th strip: 1 iterations, internal_dt : 1.6328e+09
60 the strip = 3.1171e+09
finally free 7 
61 th strip: 0 iterations, internal_dt : 1e+10
61 the strip = 1e+10
finally free 7 
62 th strip: 0 iterations, internal_dt : 1e+10
62 the strip = 1e+10
finally free 7 
63 th strip: 0 iterations, internal_dt : 1e+10
63 the strip = 1e+10
finally free 7 
